TN:
SF:/home/matt/OSU/362/Assignment 5/CS362-004-U2018/projects/brittma/robinsopDominion/dominion.c
FN:8,compare
FN:16,newGame
FN:21,kingdomCards
FN:37,initializeGame
FN:201,shuffle
FN:231,playCard
FN:272,buyCard
FN:311,numHandCards
FN:315,handCard
FN:320,supplyCount
FN:324,fullDeckCount
FN:346,whoseTurn
FN:350,endTurn
FN:390,isGameOver
FN:417,scoreFor
FN:458,getWinners
FN:526,drawCard
FN:584,getCost
FN:647,adventurerFunction
FN:672,smithyFunction
FN:686,villageFunction
FN:700,stewardFunction
FN:726,outpostFunction
FN:735,cardEffect
FN:1320,discardCard
FN:1358,gainCard
FN:1395,updateCoins
FNDA:27360,compare
FNDA:2000,newGame
FNDA:0,kingdomCards
FNDA:0,initializeGame
FNDA:14,shuffle
FNDA:0,playCard
FNDA:0,buyCard
FNDA:0,numHandCards
FNDA:0,handCard
FNDA:0,supplyCount
FNDA:0,fullDeckCount
FNDA:0,whoseTurn
FNDA:0,endTurn
FNDA:0,isGameOver
FNDA:0,scoreFor
FNDA:0,getWinners
FNDA:8000,drawCard
FNDA:0,getCost
FNDA:0,adventurerFunction
FNDA:2000,smithyFunction
FNDA:0,villageFunction
FNDA:0,stewardFunction
FNDA:0,outpostFunction
FNDA:0,cardEffect
FNDA:2000,discardCard
FNDA:0,gainCard
FNDA:0,updateCoins
FNF:27
FNH:6
DA:8,27360
DA:9,27360
DA:10,14066
DA:11,13294
DA:12,13294
DA:13,0
DA:16,2000
DA:17,2000
DA:18,2000
DA:21,0
DA:23,0
DA:24,0
DA:25,0
DA:26,0
DA:27,0
DA:28,0
DA:29,0
DA:30,0
DA:31,0
DA:32,0
DA:33,0
DA:34,0
DA:37,0
DA:44,0
DA:45,0
DA:48,0
DA:50,0
DA:54,0
DA:57,0
DA:59,0
DA:61,0
DA:63,0
DA:73,0
DA:75,0
DA:77,0
DA:79,0
DA:83,0
DA:87,0
DA:89,0
DA:90,0
DA:91,0
DA:95,0
DA:96,0
DA:97,0
DA:101,0
DA:102,0
DA:103,0
DA:106,0
DA:108,0
DA:110,0
DA:113,0
DA:115,0
DA:116,0
DA:118,0
DA:122,0
DA:124,0
DA:128,0
DA:138,0
DA:140,0
DA:141,0
DA:143,0
DA:144,0
DA:146,0
DA:148,0
DA:149,0
DA:154,0
DA:156,0
DA:158,0
DA:163,0
DA:166,0
DA:167,0
DA:176,0
DA:178,0
DA:182,0
DA:183,0
DA:184,0
DA:185,0
DA:186,0
DA:187,0
DA:188,0
DA:192,0
DA:193,0
DA:196,0
DA:198,0
DA:201,14
DA:205,14
DA:209,14
DA:210,0
DA:211,14
DA:214,3901
DA:215,3873
DA:216,3873
DA:217,3873
DA:218,326072
DA:219,322199
DA:221,3873
DA:223,3887
DA:224,3873
DA:225,3873
DA:228,14
DA:231,0
DA:234,0
DA:237,0
DA:239,0
DA:243,0
DA:245,0
DA:249,0
DA:252,0
DA:254,0
DA:258,0
DA:260,0
DA:264,0
DA:267,0
DA:269,0
DA:272,0
DA:280,0
DA:282,0
DA:285,0
DA:286,0
DA:289,0
DA:290,0
DA:293,0
DA:295,0
DA:297,0
DA:299,0
DA:300,0
DA:308,0
DA:311,0
DA:312,0
DA:315,0
DA:316,0
DA:317,0
DA:320,0
DA:321,0
DA:324,0
DA:326,0
DA:328,0
DA:330,0
DA:333,0
DA:335,0
DA:338,0
DA:340,0
DA:343,0
DA:346,0
DA:347,0
DA:350,0
DA:353,0
DA:356,0
DA:357,0
DA:358,0
DA:360,0
DA:363,0
DA:364,0
DA:367,0
DA:370,0
DA:371,0
DA:372,0
DA:373,0
DA:374,0
DA:375,0
DA:376,0
DA:380,0
DA:381,0
DA:385,0
DA:387,0
DA:390,0
DA:395,0
DA:397,0
DA:401,0
DA:402,0
DA:404,0
DA:406,0
DA:409,0
DA:411,0
DA:414,0
DA:417,0
DA:420,0
DA:422,0
DA:424,0
DA:425,0
DA:426,0
DA:427,0
DA:428,0
DA:429,0
DA:433,0
DA:435,0
DA:436,0
DA:437,0
DA:438,0
DA:439,0
DA:440,0
DA:444,0
DA:446,0
DA:447,0
DA:448,0
DA:449,0
DA:450,0
DA:451,0
DA:454,0
DA:458,0
DA:465,0
DA:468,0
DA:470,0
DA:474,0
DA:479,0
DA:480,0
DA:482,0
DA:484,0
DA:487,0
DA:490,0
DA:491,0
DA:493,0
DA:495,0
DA:500,0
DA:501,0
DA:503,0
DA:505,0
DA:508,0
DA:511,0
DA:513,0
DA:515,0
DA:519,0
DA:523,0
DA:526,8000
DA:529,8000
DA:534,3887
DA:535,3873
DA:536,3873
DA:539,14
DA:540,14
DA:543,14
DA:549,14
DA:552,14
DA:558,14
DA:560,14
DA:561,0
DA:563,14
DA:564,14
DA:565,14
DA:569,7986
DA:575,7986
DA:576,7986
DA:577,7986
DA:578,7986
DA:581,8000
DA:584,0
DA:586,0
DA:588,0
DA:589,0
DA:590,0
DA:591,0
DA:592,0
DA:593,0
DA:594,0
DA:595,0
DA:596,0
DA:597,0
DA:598,0
DA:599,0
DA:600,0
DA:601,0
DA:602,0
DA:603,0
DA:604,0
DA:605,0
DA:606,0
DA:607,0
DA:608,0
DA:609,0
DA:610,0
DA:611,0
DA:612,0
DA:613,0
DA:614,0
DA:615,0
DA:616,0
DA:617,0
DA:618,0
DA:619,0
DA:620,0
DA:621,0
DA:622,0
DA:623,0
DA:624,0
DA:625,0
DA:626,0
DA:627,0
DA:628,0
DA:629,0
DA:630,0
DA:631,0
DA:632,0
DA:633,0
DA:634,0
DA:635,0
DA:636,0
DA:637,0
DA:638,0
DA:639,0
DA:640,0
DA:641,0
DA:644,0
DA:647,0
DA:648,0
DA:650,0
DA:651,0
DA:653,0
DA:654,0
DA:656,0
DA:657,0
DA:659,0
DA:660,0
DA:661,0
DA:664,0
DA:665,0
DA:666,0
DA:668,0
DA:672,2000
DA:676,10000
DA:678,8000
DA:682,2000
DA:683,2000
DA:686,0
DA:688,0
DA:692,0
DA:695,0
DA:696,0
DA:700,0
DA:701,0
DA:704,0
DA:705,0
DA:708,0
DA:711,0
DA:716,0
DA:718,0
DA:722,0
DA:723,0
DA:726,0
DA:728,0
DA:731,0
DA:732,0
DA:735,0
DA:737,0
DA:738,0
DA:739,0
DA:740,0
DA:742,0
DA:743,0
DA:745,0
DA:747,0
DA:748,0
DA:749,0
DA:750,0
DA:751,0
DA:756,0
DA:758,0
DA:759,0
DA:778,0
DA:780,0
DA:782,0
DA:784,0
DA:788,0
DA:791,0
DA:793,0
DA:795,0
DA:800,0
DA:802,0
DA:804,0
DA:807,0
DA:808,0
DA:809,0
DA:814,0
DA:815,0
DA:816,0
DA:817,0
DA:825,0
DA:826,0
DA:838,0
DA:839,0
DA:849,0
DA:850,0
DA:851,0
DA:855,0
DA:857,0
DA:858,0
DA:860,0
DA:861,0
DA:863,0
DA:865,0
DA:868,0
DA:870,0
DA:873,0
DA:875,0
DA:878,0
DA:881,0
DA:884,0
DA:886,0
DA:888,0
DA:889,0
DA:893,0
DA:895,0
DA:896,0
DA:898,0
DA:900,0
DA:903,0
DA:906,0
DA:909,0
DA:911,0
DA:913,0
DA:914,0
DA:919,0
DA:921,0
DA:922,0
DA:931,0
DA:933,0
DA:934,0
DA:943,0
DA:945,0
DA:946,0
DA:947,0
DA:948,0
DA:949,0
DA:950,0
DA:951,0
DA:952,0
DA:953,0
DA:954,0
DA:955,0
DA:956,0
DA:958,0
DA:959,0
DA:960,0
DA:962,0
DA:967,0
DA:968,0
DA:969,0
DA:970,0
DA:971,0
DA:974,0
DA:978,0
DA:984,0
DA:985,0
DA:986,0
DA:987,0
DA:988,0
DA:994,0
DA:996,0
DA:998,0
DA:1001,0
DA:1004,0
DA:1005,0
DA:1007,0
DA:1009,0
DA:1012,0
DA:1014,0
DA:1016,0
DA:1019,0
DA:1022,0
DA:1024,0
DA:1028,0
DA:1030,0
DA:1034,0
DA:1036,0
DA:1038,0
DA:1041,0
DA:1043,0
DA:1047,0
DA:1049,0
DA:1056,0
DA:1058,0
DA:1059,0
DA:1082,0
DA:1083,0
DA:1084,0
DA:1085,0
DA:1086,0
DA:1088,0
DA:1089,0
DA:1090,0
DA:1101,0
DA:1102,0
DA:1103,0
DA:1104,0
DA:1105,0
DA:1106,0
DA:1109,0
DA:1111,0
DA:1112,0
DA:1113,0
DA:1114,0
DA:1115,0
DA:1116,0
DA:1119,0
DA:1120,0
DA:1121,0
DA:1122,0
DA:1125,0
DA:1126,0
DA:1127,0
DA:1130,0
DA:1131,0
DA:1132,0
DA:1135,0
DA:1139,0
DA:1141,0
DA:1142,0
DA:1144,0
DA:1146,0
DA:1149,0
DA:1151,0
DA:1154,0
DA:1156,0
DA:1158,0
DA:1161,0
DA:1163,0
DA:1170,0
DA:1173,0
DA:1175,0
DA:1177,0
DA:1182,0
DA:1185,0
DA:1187,0
DA:1189,0
DA:1191,0
DA:1192,0
DA:1197,0
DA:1199,0
DA:1201,0
DA:1202,0
DA:1204,0
DA:1206,0
DA:1208,0
DA:1210,0
DA:1211,0
DA:1213,0
DA:1215,0
DA:1220,0
DA:1229,0
DA:1231,0
DA:1234,0
DA:1236,0
DA:1239,0
DA:1241,0
DA:1245,0
DA:1248,0
DA:1249,0
DA:1251,0
DA:1252,0
DA:1260,0
DA:1262,0
DA:1264,0
DA:1267,0
DA:1269,0
DA:1273,0
DA:1274,0
DA:1276,0
DA:1277,0
DA:1278,0
DA:1279,0
DA:1280,0
DA:1281,0
DA:1284,0
DA:1286,0
DA:1288,0
DA:1289,0
DA:1291,0
DA:1293,0
DA:1294,0
DA:1297,0
DA:1300,0
DA:1301,0
DA:1304,0
DA:1306,0
DA:1310,0
DA:1314,0
DA:1317,0
DA:1320,2000
DA:1324,2000
DA:1327,2000
DA:1328,2000
DA:1332,2000
DA:1335,2000
DA:1338,0
DA:1340,2000
DA:1343,0
DA:1348,2000
DA:1350,2000
DA:1352,2000
DA:1355,2000
DA:1358,0
DA:1363,0
DA:1365,0
DA:1373,0
DA:1375,0
DA:1376,0
DA:1378,0
DA:1380,0
DA:1381,0
DA:1385,0
DA:1386,0
DA:1390,0
DA:1392,0
DA:1395,0
DA:1400,0
DA:1403,0
DA:1405,0
DA:1407,0
DA:1409,0
DA:1411,0
DA:1413,0
DA:1415,0
DA:1420,0
DA:1422,0
LF:613
LH:60
end_of_record
TN:
SF:/home/matt/OSU/362/Assignment 5/CS362-004-U2018/projects/brittma/robinsopDominion/rngs.c
FN:51,Random
FN:71,PlantSeeds
FN:101,PutSeed
FN:129,GetSeed
FN:140,SelectStream
FN:153,TestRandom
FNDA:52613873,Random
FNDA:1,PlantSeeds
FNDA:2,PutSeed
FNDA:0,GetSeed
FNDA:2,SelectStream
FNDA:0,TestRandom
FNF:6
FNH:4
DA:51,52613873
DA:58,52613873
DA:59,52613873
DA:62,52613873
DA:63,52613873
DA:64,50606122
DA:66,2007751
DA:67,52613873
DA:71,1
DA:81,1
DA:82,1
DA:86,1
DA:87,1
DA:88,1
DA:89,1
DA:90,1
DA:91,256
DA:92,255
DA:93,255
DA:94,246
DA:96,9
DA:98,1
DA:101,2
DA:111,2
DA:113,2
DA:114,2
DA:115,2
DA:116,0
DA:117,2
DA:118,0
DA:119,0
DA:120,0
DA:121,0
DA:122,0
DA:123,0
DA:125,2
DA:126,2
DA:129,0
DA:136,0
DA:137,0
DA:140,2
DA:147,2
DA:148,2
DA:149,1
DA:150,2
DA:153,0
DA:162,0
DA:164,0
DA:165,0
DA:166,0
DA:167,0
DA:168,0
DA:169,0
DA:172,0
DA:173,0
DA:175,0
DA:176,0
DA:177,0
DA:178,0
DA:179,0
DA:180,0
DA:182,0
DA:183,0
LF:63
LH:35
end_of_record
TN:
SF:/home/matt/OSU/362/Assignment 5/CS362-004-U2018/projects/brittma/robinsopDominion/asserttrue.h
FN:14,asserttrue
FNDA:8000,asserttrue
FNF:1
FNH:1
DA:14,8000
DA:16,8000
DA:19,4000
DA:23,4000
DA:24,4000
LF:5
LH:5
end_of_record
SF:/home/matt/OSU/362/Assignment 5/CS362-004-U2018/projects/brittma/robinsopDominion/randomtestcard1.c
FN:23,smithyCount
FN:33,checkSmithy
FN:69,addSmithy
FN:76,randTestSmithy
FN:116,main
FNDA:4000,smithyCount
FNDA:2000,checkSmithy
FNDA:2000,addSmithy
FNDA:1,randTestSmithy
FNDA:1,main
FNF:5
FNH:5
DA:23,4000
DA:25,4000
DA:26,1003300
DA:27,999300
DA:29,4000
DA:33,2000
DA:35,2000
DA:36,2000
DA:37,2000
DA:41,2000
DA:42,2000
DA:44,2000
DA:48,2000
DA:50,2000
DA:54,2000
DA:56,0
DA:60,2000
DA:62,0
DA:66,2000
DA:69,2000
DA:71,2000
DA:72,2000
DA:73,2000
DA:76,1
DA:80,1
DA:87,2001
DA:90,2000
DA:93,52602000
DA:95,52600000
DA:99,2000
DA:100,2000
DA:101,2000
DA:102,2000
DA:103,2000
DA:104,2000
DA:105,2000
DA:107,2000
DA:113,1
DA:116,1
DA:118,1
DA:119,1
DA:121,1
DA:123,1
DA:124,1
LF:44
LH:42
end_of_record
