        -:    0:Source:dominion.c
        -:    0:Graph:dominion.gcno
        -:    0:Data:dominion.gcda
        -:    0:Runs:1
        -:    0:Programs:1
        -:    1:#include "dominion.h"
        -:    2:#include "dominion_helpers.h"
        -:    3:#include "rngs.h"
        -:    4:#include <stdio.h>
        -:    5:#include <math.h>
        -:    6:#include <stdlib.h>
        -:    7:
        -:    8:int playSmithy(int currentPlayer, struct gameState *state, int handPos);
        -:    9:int playAdventurer(int currentPlayer, struct gameState *state, int cardDrawn, int drawntreasure, int temphand[], int z);
        -:   10:int playFeast(struct gameState *state, int currentPlayer, int temphand[], int choice1);
        -:   11:int playTribute(struct gameState *state, int nextPlayer, int currentPlayer);
        -:   12:int playBaron(struct gameState *state, int choice1, int currentPlayer);
        -:   13:
function compare called 60 returned 100% blocks executed 83%
       60:   14:int compare(const void* a, const void* b) {
       60:   15:  if (*(int*)a > *(int*)b)
branch  0 taken 0% (fallthrough)
branch  1 taken 100%
    #####:   16:    return 1;
       60:   17:  if (*(int*)a < *(int*)b)
branch  0 taken 27% (fallthrough)
branch  1 taken 73%
       16:   18:    return -1;
       44:   19:  return 0;
        -:   20:}
        -:   21:
function newGame called 0 returned 0% blocks executed 0%
    #####:   22:struct gameState* newGame() {
    #####:   23:  struct gameState* g = malloc(sizeof(struct gameState));
    #####:   24:  return g;
        -:   25:}
        -:   26:
function kingdomCards called 0 returned 0% blocks executed 0%
    #####:   27:int* kingdomCards(int k1, int k2, int k3, int k4, int k5, int k6, int k7,
        -:   28:		  int k8, int k9, int k10) {
    #####:   29:  int* k = malloc(10 * sizeof(int));
    #####:   30:  k[0] = k1;
    #####:   31:  k[1] = k2;
    #####:   32:  k[2] = k3;
    #####:   33:  k[3] = k4;
    #####:   34:  k[4] = k5;
    #####:   35:  k[5] = k6;
    #####:   36:  k[6] = k7;
    #####:   37:  k[7] = k8;
    #####:   38:  k[8] = k9;
    #####:   39:  k[9] = k10;
    #####:   40:  return k;
        -:   41:}
        -:   42:
function initializeGame called 2 returned 100% blocks executed 88%
        2:   43:int initializeGame(int numPlayers, int kingdomCards[10], int randomSeed,
        -:   44:		   struct gameState *state) {
        -:   45:
        -:   46:  int i;
        -:   47:  int j;
        -:   48:  int it;			
        -:   49:  //set up random number generator
        2:   50:  SelectStream(1);
call    0 returned 100%
        2:   51:  PutSeed((long)randomSeed);
call    0 returned 100%
        -:   52:  
        -:   53:  //check number of players
        2:   54:  if (numPlayers > MAX_PLAYERS || numPlayers < 2)
branch  0 taken 100% (fallthrough)
branch  1 taken 0%
branch  2 taken 0% (fallthrough)
branch  3 taken 100%
        -:   55:    {
    #####:   56:      return -1;
        -:   57:    }
        -:   58:
        -:   59:  //set number of players
        2:   60:  state->numPlayers = numPlayers;
        -:   61:
        -:   62:  //check selected kingdom cards are different
       22:   63:  for (i = 0; i < 10; i++)
branch  0 taken 91%
branch  1 taken 9% (fallthrough)
        -:   64:    {
      220:   65:      for (j = 0; j < 10; j++)
branch  0 taken 91%
branch  1 taken 9% (fallthrough)
        -:   66:        {
      200:   67:	  if (j != i && kingdomCards[j] == kingdomCards[i])
branch  0 taken 90% (fallthrough)
branch  1 taken 10%
branch  2 taken 0% (fallthrough)
branch  3 taken 100%
        -:   68:	    {
    #####:   69:	      return -1;
        -:   70:	    }
        -:   71:        }
        -:   72:    }
        -:   73:
        -:   74:
        -:   75:  //initialize supply
        -:   76:  ///////////////////////////////
        -:   77:
        -:   78:  //set number of Curse cards
        2:   79:  if (numPlayers == 2)
branch  0 taken 100% (fallthrough)
branch  1 taken 0%
        -:   80:    {
        2:   81:      state->supplyCount[curse] = 10;
        -:   82:    }
    #####:   83:  else if (numPlayers == 3)
branch  0 never executed
branch  1 never executed
        -:   84:    {
    #####:   85:      state->supplyCount[curse] = 20;
        -:   86:    }
        -:   87:  else
        -:   88:    {
    #####:   89:      state->supplyCount[curse] = 30;
        -:   90:    }
        -:   91:
        -:   92:  //set number of Victory cards
        2:   93:  if (numPlayers == 2)
branch  0 taken 100% (fallthrough)
branch  1 taken 0%
        -:   94:    {
        2:   95:      state->supplyCount[estate] = 8;
        2:   96:      state->supplyCount[duchy] = 8;
        2:   97:      state->supplyCount[province] = 8;
        -:   98:    }
        -:   99:  else
        -:  100:    {
    #####:  101:      state->supplyCount[estate] = 12;
    #####:  102:      state->supplyCount[duchy] = 12;
    #####:  103:      state->supplyCount[province] = 12;
        -:  104:    }
        -:  105:
        -:  106:  //set number of Treasure cards
        2:  107:  state->supplyCount[copper] = 60 - (7 * numPlayers);
        2:  108:  state->supplyCount[silver] = 40;
        2:  109:  state->supplyCount[gold] = 30;
        -:  110:
        -:  111:  //set number of Kingdom cards
       42:  112:  for (i = adventurer; i <= treasure_map; i++)       	//loop all cards
branch  0 taken 95%
branch  1 taken 5% (fallthrough)
        -:  113:    {
      330:  114:      for (j = 0; j < 10; j++)           		//loop chosen cards
branch  0 taken 94%
branch  1 taken 6% (fallthrough)
        -:  115:	{
      310:  116:	  if (kingdomCards[j] == i)
branch  0 taken 6% (fallthrough)
branch  1 taken 94%
        -:  117:	    {
        -:  118:	      //check if card is a 'Victory' Kingdom card
       20:  119:	      if (kingdomCards[j] == great_hall || kingdomCards[j] == gardens)
branch  0 taken 100% (fallthrough)
branch  1 taken 0%
branch  2 taken 10% (fallthrough)
branch  3 taken 90%
        -:  120:		{
        4:  121:		  if (numPlayers == 2){ 
branch  0 taken 100% (fallthrough)
branch  1 taken 0%
        2:  122:		    state->supplyCount[i] = 8; 
        -:  123:		  }
    #####:  124:		  else{ state->supplyCount[i] = 12; }
        -:  125:		}
        -:  126:	      else
        -:  127:		{
       18:  128:		  state->supplyCount[i] = 10;
        -:  129:		}
       20:  130:	      break;
        -:  131:	    }
        -:  132:	  else    //card is not in the set choosen for the game
        -:  133:	    {
      290:  134:	      state->supplyCount[i] = -1;
        -:  135:	    }
        -:  136:	}
        -:  137:
        -:  138:    }
        -:  139:
        -:  140:  ////////////////////////
        -:  141:  //supply intilization complete
        -:  142:
        -:  143:  //set player decks
        6:  144:  for (i = 0; i < numPlayers; i++)
branch  0 taken 67%
branch  1 taken 33% (fallthrough)
        -:  145:    {
        4:  146:      state->deckCount[i] = 0;
       16:  147:      for (j = 0; j < 3; j++)
branch  0 taken 75%
branch  1 taken 25% (fallthrough)
        -:  148:	{
       12:  149:	  state->deck[i][j] = estate;
       12:  150:	  state->deckCount[i]++;
        -:  151:	}
       32:  152:      for (j = 3; j < 10; j++)
branch  0 taken 88%
branch  1 taken 13% (fallthrough)
        -:  153:	{
       28:  154:	  state->deck[i][j] = copper;
       28:  155:	  state->deckCount[i]++;		
        -:  156:	}
        -:  157:    }
        -:  158:
        -:  159:  //shuffle player decks
        6:  160:  for (i = 0; i < numPlayers; i++)
branch  0 taken 67%
branch  1 taken 33% (fallthrough)
        -:  161:    {
        4:  162:      if ( shuffle(i, state) < 0 )
call    0 returned 100%
branch  1 taken 0% (fallthrough)
branch  2 taken 100%
        -:  163:	{
    #####:  164:	  return -1;
        -:  165:	}
        -:  166:    }
        -:  167:
        -:  168:  //draw player hands
        6:  169:  for (i = 0; i < numPlayers; i++)
branch  0 taken 67%
branch  1 taken 33% (fallthrough)
        -:  170:    {  
        -:  171:      //initialize hand size to zero
        4:  172:      state->handCount[i] = 0;
        4:  173:      state->discardCount[i] = 0;
        -:  174:      //draw 5 cards
        -:  175:      // for (j = 0; j < 5; j++)
        -:  176:      //	{
        -:  177:      //	  drawCard(i, state);
        -:  178:      //	}
        -:  179:    }
        -:  180:  
        -:  181:  //set embargo tokens to 0 for all supply piles
       56:  182:  for (i = 0; i <= treasure_map; i++)
branch  0 taken 96%
branch  1 taken 4% (fallthrough)
        -:  183:    {
       54:  184:      state->embargoTokens[i] = 0;
        -:  185:    }
        -:  186:
        -:  187:  //initialize first player's turn
        2:  188:  state->outpostPlayed = 0;
        2:  189:  state->phase = 0;
        2:  190:  state->numActions = 1;
        2:  191:  state->numBuys = 1;
        2:  192:  state->playedCardCount = 0;
        2:  193:  state->whoseTurn = 0;
        2:  194:  state->handCount[state->whoseTurn] = 0;
        -:  195:  //int it; move to top
        -:  196:
        -:  197:  //Moved draw cards to here, only drawing at the start of a turn
       12:  198:  for (it = 0; it < 5; it++){
branch  0 taken 83%
branch  1 taken 17% (fallthrough)
       10:  199:    drawCard(state->whoseTurn, state);
call    0 returned 100%
        -:  200:  }
        -:  201:
        2:  202:  updateCoins(state->whoseTurn, state, 0);
call    0 returned 100%
        -:  203:
        2:  204:  return 0;
        -:  205:}
        -:  206:
function shuffle called 4 returned 100% blocks executed 94%
        4:  207:int shuffle(int player, struct gameState *state) {
        -:  208: 
        -:  209:
        -:  210:  int newDeck[MAX_DECK];
        4:  211:  int newDeckPos = 0;
        -:  212:  int card;
        -:  213:  int i;
        -:  214:
        4:  215:  if (state->deckCount[player] < 1)
branch  0 taken 0% (fallthrough)
branch  1 taken 100%
    #####:  216:    return -1;
        4:  217:  qsort ((void*)(state->deck[player]), state->deckCount[player], sizeof(int), compare); 
call    0 returned 100%
        -:  218:  /* SORT CARDS IN DECK TO ENSURE DETERMINISM! */
        -:  219:
       48:  220:  while (state->deckCount[player] > 0) {
branch  0 taken 91%
branch  1 taken 9% (fallthrough)
       40:  221:    card = floor(Random() * state->deckCount[player]);
call    0 returned 100%
       40:  222:    newDeck[newDeckPos] = state->deck[player][card];
       40:  223:    newDeckPos++;
      134:  224:    for (i = card; i < state->deckCount[player]-1; i++) {
branch  0 taken 70%
branch  1 taken 30% (fallthrough)
       94:  225:      state->deck[player][i] = state->deck[player][i+1];
        -:  226:    }
       40:  227:    state->deckCount[player]--;
        -:  228:  }
       44:  229:  for (i = 0; i < newDeckPos; i++) {
branch  0 taken 91%
branch  1 taken 9% (fallthrough)
       40:  230:    state->deck[player][i] = newDeck[i];
       40:  231:    state->deckCount[player]++;
        -:  232:  }
        -:  233:
        4:  234:  return 0;
        -:  235:}
        -:  236:
function playCard called 0 returned 0% blocks executed 0%
    #####:  237:int playCard(int handPos, int choice1, int choice2, int choice3, struct gameState *state) 
        -:  238:{	
        -:  239:  int card;
    #####:  240:  int coin_bonus = 0; 		//tracks coins gain from actions
        -:  241:
        -:  242:  //check if it is the right phase
    #####:  243:  if (state->phase != 0)
branch  0 never executed
branch  1 never executed
        -:  244:    {
    #####:  245:      return -1;
        -:  246:    }
        -:  247:	
        -:  248:  //check if player has enough actions
    #####:  249:  if ( state->numActions < 1 )
branch  0 never executed
branch  1 never executed
        -:  250:    {
    #####:  251:      return -1;
        -:  252:    }
        -:  253:	
        -:  254:  //get card played
    #####:  255:  card = handCard(handPos, state);
call    0 never executed
        -:  256:	
        -:  257:  //check if selected card is an action
    #####:  258:  if ( card < adventurer || card > treasure_map )
branch  0 never executed
branch  1 never executed
branch  2 never executed
branch  3 never executed
        -:  259:    {
    #####:  260:      return -1;
        -:  261:    }
        -:  262:	
        -:  263:  //play card
    #####:  264:  if ( cardEffect(card, choice1, choice2, choice3, state, handPos, &coin_bonus) < 0 )
call    0 never executed
branch  1 never executed
branch  2 never executed
        -:  265:    {
    #####:  266:      return -1;
        -:  267:    }
        -:  268:	
        -:  269:  //reduce number of actions
    #####:  270:  state->numActions--;
        -:  271:
        -:  272:  //update coins (Treasure cards may be added with card draws)
    #####:  273:  updateCoins(state->whoseTurn, state, coin_bonus);
call    0 never executed
        -:  274:	
    #####:  275:  return 0;
        -:  276:}
        -:  277:
function buyCard called 0 returned 0% blocks executed 0%
    #####:  278:int buyCard(int supplyPos, struct gameState *state) {
        -:  279:  int who;
        -:  280:  if (DEBUG){
        -:  281:    printf("Entering buyCard...\n");
        -:  282:  }
        -:  283:
        -:  284:  // I don't know what to do about the phase thing.
        -:  285:
    #####:  286:  who = state->whoseTurn;
        -:  287:
    #####:  288:  if (state->numBuys < 1){
branch  0 never executed
branch  1 never executed
        -:  289:    if (DEBUG)
        -:  290:      printf("You do not have any buys left\n");
    #####:  291:    return -1;
    #####:  292:  } else if (supplyCount(supplyPos, state) <1){
call    0 never executed
branch  1 never executed
branch  2 never executed
        -:  293:    if (DEBUG)
        -:  294:      printf("There are not any of that type of card left\n");
    #####:  295:    return -1;
    #####:  296:  } else if (state->coins < getCost(supplyPos)){
call    0 never executed
branch  1 never executed
branch  2 never executed
        -:  297:    if (DEBUG) 
        -:  298:      printf("You do not have enough money to buy that. You have %d coins.\n", state->coins);
    #####:  299:    return -1;
        -:  300:  } else {
    #####:  301:    state->phase=1;
        -:  302:    //state->supplyCount[supplyPos]--;
    #####:  303:    gainCard(supplyPos, state, 0, who); //card goes in discard, this might be wrong.. (2 means goes into hand, 0 goes into discard)
call    0 never executed
        -:  304:  
    #####:  305:    state->coins = (state->coins) - (getCost(supplyPos));
call    0 never executed
    #####:  306:    state->numBuys--;
        -:  307:    if (DEBUG)
        -:  308:      printf("You bought card number %d for %d coins. You now have %d buys and %d coins.\n", supplyPos, getCost(supplyPos), state->numBuys, state->coins);
        -:  309:  }
        -:  310:
        -:  311:  //state->discard[who][state->discardCount[who]] = supplyPos;
        -:  312:  //state->discardCount[who]++;
        -:  313:    
    #####:  314:  return 0;
        -:  315:}
        -:  316:
function numHandCards called 0 returned 0% blocks executed 0%
    #####:  317:int numHandCards(struct gameState *state) {
    #####:  318:  return state->handCount[ whoseTurn(state) ];
call    0 never executed
        -:  319:}
        -:  320:
function handCard called 0 returned 0% blocks executed 0%
    #####:  321:int handCard(int handPos, struct gameState *state) {
    #####:  322:  int currentPlayer = whoseTurn(state);
call    0 never executed
    #####:  323:  return state->hand[currentPlayer][handPos];
        -:  324:}
        -:  325:
function supplyCount called 0 returned 0% blocks executed 0%
    #####:  326:int supplyCount(int card, struct gameState *state) {
    #####:  327:  return state->supplyCount[card];
        -:  328:}
        -:  329:
function fullDeckCount called 4 returned 100% blocks executed 76%
        4:  330:int fullDeckCount(int player, int card, struct gameState *state) {
        -:  331:  int i;
        4:  332:  int count = 0;
        -:  333:
       20:  334:  for (i = 0; i < state->deckCount[player]; i++)
branch  0 taken 80%
branch  1 taken 20% (fallthrough)
        -:  335:    {
       16:  336:      if (state->deck[player][i] == card) count++;
branch  0 taken 0% (fallthrough)
branch  1 taken 100%
        -:  337:    }
        -:  338:
       32:  339:  for (i = 0; i < state->handCount[player]; i++)
branch  0 taken 88%
branch  1 taken 13% (fallthrough)
        -:  340:    {
       28:  341:      if (state->hand[player][i] == card) count++;
branch  0 taken 7% (fallthrough)
branch  1 taken 93%
        -:  342:    }
        -:  343:
        4:  344:  for (i = 0; i < state->discardCount[player]; i++)
branch  0 taken 0%
branch  1 taken 100% (fallthrough)
        -:  345:    {
    #####:  346:      if (state->discard[player][i] == card) count++;
branch  0 never executed
branch  1 never executed
        -:  347:    }
        -:  348:
        4:  349:  return count;
        -:  350:}
        -:  351:
function whoseTurn called 2 returned 100% blocks executed 100%
        2:  352:int whoseTurn(struct gameState *state) {
        2:  353:  return state->whoseTurn;
        -:  354:}
        -:  355:
function endTurn called 0 returned 0% blocks executed 0%
    #####:  356:int endTurn(struct gameState *state) {
        -:  357:  int k;
        -:  358:  int i;
    #####:  359:  int currentPlayer = whoseTurn(state);
call    0 never executed
        -:  360:  
        -:  361:  //Discard hand
    #####:  362:  for (i = 0; i < state->handCount[currentPlayer]; i++){
branch  0 never executed
branch  1 never executed
    #####:  363:    state->discard[currentPlayer][state->discardCount[currentPlayer]++] = state->hand[currentPlayer][i];//Discard
    #####:  364:    state->hand[currentPlayer][i] = -1;//Set card to -1
        -:  365:  }
    #####:  366:  state->handCount[currentPlayer] = 0;//Reset hand count
        -:  367:    
        -:  368:  //Code for determining the player
    #####:  369:  if (currentPlayer < (state->numPlayers - 1)){ 
branch  0 never executed
branch  1 never executed
    #####:  370:    state->whoseTurn = currentPlayer + 1;//Still safe to increment
        -:  371:  }
        -:  372:  else{
    #####:  373:    state->whoseTurn = 0;//Max player has been reached, loop back around to player 1
        -:  374:  }
        -:  375:
    #####:  376:  state->outpostPlayed = 0;
    #####:  377:  state->phase = 0;
    #####:  378:  state->numActions = 1;
    #####:  379:  state->coins = 0;
    #####:  380:  state->numBuys = 1;
    #####:  381:  state->playedCardCount = 0;
    #####:  382:  state->handCount[state->whoseTurn] = 0;
        -:  383:
        -:  384:  //int k; move to top
        -:  385:  //Next player draws hand
    #####:  386:  for (k = 0; k < 5; k++){
branch  0 never executed
branch  1 never executed
    #####:  387:    drawCard(state->whoseTurn, state);//Draw a card
call    0 never executed
        -:  388:  }
        -:  389:
        -:  390:  //Update money
    #####:  391:  updateCoins(state->whoseTurn, state , 0);
call    0 never executed
        -:  392:
    #####:  393:  return 0;
        -:  394:}
        -:  395:
function isGameOver called 0 returned 0% blocks executed 0%
    #####:  396:int isGameOver(struct gameState *state) {
        -:  397:  int i;
        -:  398:  int j;
        -:  399:	
        -:  400:  //if stack of Province cards is empty, the game ends
    #####:  401:  if (state->supplyCount[province] == 0)
branch  0 never executed
branch  1 never executed
        -:  402:    {
    #####:  403:      return 1;
        -:  404:    }
        -:  405:
        -:  406:  //if three supply pile are at 0, the game ends
    #####:  407:  j = 0;
    #####:  408:  for (i = 0; i < 25; i++)
branch  0 never executed
branch  1 never executed
        -:  409:    {
    #####:  410:      if (state->supplyCount[i] == 0)
branch  0 never executed
branch  1 never executed
        -:  411:	{
    #####:  412:	  j++;
        -:  413:	}
        -:  414:    }
    #####:  415:  if ( j >= 3)
branch  0 never executed
branch  1 never executed
        -:  416:    {
    #####:  417:      return 1;
        -:  418:    }
        -:  419:
    #####:  420:  return 0;
        -:  421:}
        -:  422:
function scoreFor called 0 returned 0% blocks executed 0%
    #####:  423:int scoreFor (int player, struct gameState *state) {
        -:  424:
        -:  425:  int i;
    #####:  426:  int score = 0;
        -:  427:  //score from hand
    #####:  428:  for (i = 0; i < state->handCount[player]; i++)
branch  0 never executed
branch  1 never executed
        -:  429:    {
    #####:  430:      if (state->hand[player][i] == curse) { score = score - 1; };
branch  0 never executed
branch  1 never executed
    #####:  431:      if (state->hand[player][i] == estate) { score = score + 1; };
branch  0 never executed
branch  1 never executed
    #####:  432:      if (state->hand[player][i] == duchy) { score = score + 3; };
branch  0 never executed
branch  1 never executed
    #####:  433:      if (state->hand[player][i] == province) { score = score + 6; };
branch  0 never executed
branch  1 never executed
    #####:  434:      if (state->hand[player][i] == great_hall) { score = score + 1; };
branch  0 never executed
branch  1 never executed
    #####:  435:      if (state->hand[player][i] == gardens) { score = score + ( fullDeckCount(player, 0, state) / 10 ); };
branch  0 never executed
branch  1 never executed
call    2 never executed
        -:  436:    }
        -:  437:
        -:  438:  //score from discard
    #####:  439:  for (i = 0; i < state->discardCount[player]; i++)
branch  0 never executed
branch  1 never executed
        -:  440:    {
    #####:  441:      if (state->discard[player][i] == curse) { score = score - 1; };
branch  0 never executed
branch  1 never executed
    #####:  442:      if (state->discard[player][i] == estate) { score = score + 1; };
branch  0 never executed
branch  1 never executed
    #####:  443:      if (state->discard[player][i] == duchy) { score = score + 3; };
branch  0 never executed
branch  1 never executed
    #####:  444:      if (state->discard[player][i] == province) { score = score + 6; };
branch  0 never executed
branch  1 never executed
    #####:  445:      if (state->discard[player][i] == great_hall) { score = score + 1; };
branch  0 never executed
branch  1 never executed
    #####:  446:      if (state->discard[player][i] == gardens) { score = score + ( fullDeckCount(player, 0, state) / 10 ); };
branch  0 never executed
branch  1 never executed
call    2 never executed
        -:  447:    }
        -:  448:
        -:  449:  //score from deck
    #####:  450:  for (i = 0; i < state->discardCount[player]; i++)
branch  0 never executed
branch  1 never executed
        -:  451:    {
    #####:  452:      if (state->deck[player][i] == curse) { score = score - 1; };
branch  0 never executed
branch  1 never executed
    #####:  453:      if (state->deck[player][i] == estate) { score = score + 1; };
branch  0 never executed
branch  1 never executed
    #####:  454:      if (state->deck[player][i] == duchy) { score = score + 3; };
branch  0 never executed
branch  1 never executed
    #####:  455:      if (state->deck[player][i] == province) { score = score + 6; };
branch  0 never executed
branch  1 never executed
    #####:  456:      if (state->deck[player][i] == great_hall) { score = score + 1; };
branch  0 never executed
branch  1 never executed
    #####:  457:      if (state->deck[player][i] == gardens) { score = score + ( fullDeckCount(player, 0, state) / 10 ); };
branch  0 never executed
branch  1 never executed
call    2 never executed
        -:  458:    }
        -:  459:
    #####:  460:  return score;
        -:  461:}
        -:  462:
function getWinners called 0 returned 0% blocks executed 0%
    #####:  463:int getWinners(int players[MAX_PLAYERS], struct gameState *state) {
        -:  464:  int i;	
        -:  465:  int j;
        -:  466:  int highScore;
        -:  467:  int currentPlayer;
        -:  468:
        -:  469:  //get score for each player
    #####:  470:  for (i = 0; i < MAX_PLAYERS; i++)
branch  0 never executed
branch  1 never executed
        -:  471:    {
        -:  472:      //set unused player scores to -9999
    #####:  473:      if (i >= state->numPlayers)
branch  0 never executed
branch  1 never executed
        -:  474:	{
    #####:  475:	  players[i] = -9999;
        -:  476:	}
        -:  477:      else
        -:  478:	{
    #####:  479:	  players[i] = scoreFor (i, state);
call    0 never executed
        -:  480:	}
        -:  481:    }
        -:  482:
        -:  483:  //find highest score
    #####:  484:  j = 0;
    #####:  485:  for (i = 0; i < MAX_PLAYERS; i++)
branch  0 never executed
branch  1 never executed
        -:  486:    {
    #####:  487:      if (players[i] > players[j])
branch  0 never executed
branch  1 never executed
        -:  488:	{
    #####:  489:	  j = i;
        -:  490:	}
        -:  491:    }
    #####:  492:  highScore = players[j];
        -:  493:
        -:  494:  //add 1 to players who had less turns
    #####:  495:  currentPlayer = whoseTurn(state);
call    0 never executed
    #####:  496:  for (i = 0; i < MAX_PLAYERS; i++)
branch  0 never executed
branch  1 never executed
        -:  497:    {
    #####:  498:      if ( players[i] == highScore && i > currentPlayer )
branch  0 never executed
branch  1 never executed
branch  2 never executed
branch  3 never executed
        -:  499:	{
    #####:  500:	  players[i]++;
        -:  501:	}
        -:  502:    }
        -:  503:
        -:  504:  //find new highest score
    #####:  505:  j = 0;
    #####:  506:  for (i = 0; i < MAX_PLAYERS; i++)
branch  0 never executed
branch  1 never executed
        -:  507:    {
    #####:  508:      if ( players[i] > players[j] )
branch  0 never executed
branch  1 never executed
        -:  509:	{
    #####:  510:	  j = i;
        -:  511:	}
        -:  512:    }
    #####:  513:  highScore = players[j];
        -:  514:
        -:  515:  //set winners in array to 1 and rest to 0
    #####:  516:  for (i = 0; i < MAX_PLAYERS; i++)
branch  0 never executed
branch  1 never executed
        -:  517:    {
    #####:  518:      if ( players[i] == highScore )
branch  0 never executed
branch  1 never executed
        -:  519:	{
    #####:  520:	  players[i] = 1;
        -:  521:	}
        -:  522:      else
        -:  523:	{
    #####:  524:	  players[i] = 0;
        -:  525:	}
        -:  526:    }
        -:  527:
    #####:  528:  return 0;
        -:  529:}
        -:  530:
function drawCard called 14 returned 100% blocks executed 38%
       14:  531:int drawCard(int player, struct gameState *state)
        -:  532:{	int count;
        -:  533:  int deckCounter;
       14:  534:  if (state->deckCount[player] <= 0){//Deck is empty
branch  0 taken 0% (fallthrough)
branch  1 taken 100%
        -:  535:    
        -:  536:    //Step 1 Shuffle the discard pile back into a deck
        -:  537:    int i;
        -:  538:    //Move discard to deck
    #####:  539:    for (i = 0; i < state->discardCount[player];i++){
branch  0 never executed
branch  1 never executed
    #####:  540:      state->deck[player][i] = state->discard[player][i];
    #####:  541:      state->discard[player][i] = -1;
        -:  542:    }
        -:  543:
    #####:  544:    state->deckCount[player] = state->discardCount[player];
    #####:  545:    state->discardCount[player] = 0;//Reset discard
        -:  546:
        -:  547:    //Shufffle the deck
    #####:  548:    shuffle(player, state);//Shuffle the deck up and make it so that we can draw
call    0 never executed
        -:  549:   
        -:  550:    if (DEBUG){//Debug statements
        -:  551:      printf("Deck count now: %d\n", state->deckCount[player]);
        -:  552:    }
        -:  553:    
    #####:  554:    state->discardCount[player] = 0;
        -:  555:
        -:  556:    //Step 2 Draw Card
    #####:  557:    count = state->handCount[player];//Get current player's hand count
        -:  558:    
        -:  559:    if (DEBUG){//Debug statements
        -:  560:      printf("Current hand count: %d\n", count);
        -:  561:    }
        -:  562:    
    #####:  563:    deckCounter = state->deckCount[player];//Create a holder for the deck count
        -:  564:
    #####:  565:    if (deckCounter == 0)
branch  0 never executed
branch  1 never executed
    #####:  566:      return -1;
        -:  567:
    #####:  568:    state->hand[player][count] = state->deck[player][deckCounter - 1];//Add card to hand
    #####:  569:    state->deckCount[player]--;
    #####:  570:    state->handCount[player]++;//Increment hand count
        -:  571:  }
        -:  572:
        -:  573:  else{
       14:  574:    int count = state->handCount[player];//Get current hand count for player
        -:  575:    int deckCounter;
        -:  576:    if (DEBUG){//Debug statements
        -:  577:      printf("Current hand count: %d\n", count);
        -:  578:    }
        -:  579:
       14:  580:    deckCounter = state->deckCount[player];//Create holder for the deck count
       14:  581:    state->hand[player][count] = state->deck[player][deckCounter - 1];//Add card to the hand
       14:  582:    state->deckCount[player]--;
       14:  583:    state->handCount[player]++;//Increment hand count
        -:  584:  }
        -:  585:
       14:  586:  return 0;
        -:  587:}
        -:  588:
function getCost called 0 returned 0% blocks executed 0%
    #####:  589:int getCost(int cardNumber)
        -:  590:{
    #####:  591:  switch( cardNumber ) 
branch  0 never executed
branch  1 never executed
branch  2 never executed
branch  3 never executed
branch  4 never executed
branch  5 never executed
branch  6 never executed
branch  7 never executed
branch  8 never executed
branch  9 never executed
branch 10 never executed
branch 11 never executed
branch 12 never executed
branch 13 never executed
branch 14 never executed
branch 15 never executed
branch 16 never executed
branch 17 never executed
branch 18 never executed
branch 19 never executed
branch 20 never executed
branch 21 never executed
branch 22 never executed
branch 23 never executed
branch 24 never executed
branch 25 never executed
branch 26 never executed
branch 27 never executed
        -:  592:    {
    #####:  593:    case curse:
    #####:  594:      return 0;
    #####:  595:    case estate:
    #####:  596:      return 2;
    #####:  597:    case duchy:
    #####:  598:      return 5;
    #####:  599:    case province:
    #####:  600:      return 8;
    #####:  601:    case copper:
    #####:  602:      return 0;
    #####:  603:    case silver:
    #####:  604:      return 3;
    #####:  605:    case gold:
    #####:  606:      return 6;
    #####:  607:    case adventurer:
    #####:  608:      return 6;
    #####:  609:    case council_room:
    #####:  610:      return 5;
    #####:  611:    case feast:
    #####:  612:      return 4;
    #####:  613:    case gardens:
    #####:  614:      return 4;
    #####:  615:    case mine:
    #####:  616:      return 5;
    #####:  617:    case remodel:
    #####:  618:      return 4;
    #####:  619:    case smithy:
    #####:  620:      return 4;
    #####:  621:    case village:
    #####:  622:      return 3;
    #####:  623:    case baron:
    #####:  624:      return 4;
    #####:  625:    case great_hall:
    #####:  626:      return 3;
    #####:  627:    case minion:
    #####:  628:      return 5;
    #####:  629:    case steward:
    #####:  630:      return 3;
    #####:  631:    case tribute:
    #####:  632:      return 5;
    #####:  633:    case ambassador:
    #####:  634:      return 3;
    #####:  635:    case cutpurse:
    #####:  636:      return 4;
    #####:  637:    case embargo: 
    #####:  638:      return 2;
    #####:  639:    case outpost:
    #####:  640:      return 5;
    #####:  641:    case salvager:
    #####:  642:      return 4;
    #####:  643:    case sea_hag:
    #####:  644:      return 4;
    #####:  645:    case treasure_map:
    #####:  646:      return 4;
        -:  647:    }
        -:  648:	
    #####:  649:  return -1;
        -:  650:}
        -:  651:
function cardEffect called 2 returned 100% blocks executed 4%
        2:  652:int cardEffect(int card, int choice1, int choice2, int choice3, struct gameState *state, int handPos, int *bonus)
        -:  653:{
        -:  654:  int i;
        -:  655:  int j;
        -:  656:  int k;
        -:  657:  //int x;
        -:  658:  int index;
        2:  659:  int currentPlayer = whoseTurn(state);
call    0 returned 100%
        2:  660:  int nextPlayer = currentPlayer + 1;
        -:  661:
        -:  662:  int temphand[MAX_HAND];// moved above the if statement
        2:  663:  int drawntreasure=0;
        2:  664:  int cardDrawn = 0;
        2:  665:  int z = 0;// this is the counter for the temp hand
        2:  666:  if (nextPlayer > (state->numPlayers - 1)){
branch  0 taken 0% (fallthrough)
branch  1 taken 100%
    #####:  667:    nextPlayer = 0;
        -:  668:  }
        -:  669:  
        -:  670:	
        -:  671:  //uses switch to select card and perform actions
        2:  672:  switch( card ) 
branch  0 taken 100%
branch  1 taken 0%
branch  2 taken 0%
branch  3 taken 0%
branch  4 taken 0%
branch  5 taken 0%
branch  6 taken 0%
branch  7 taken 0%
branch  8 taken 0%
branch  9 taken 0%
branch 10 taken 0%
branch 11 taken 0%
branch 12 taken 0%
branch 13 taken 0%
branch 14 taken 0%
branch 15 taken 0%
branch 16 taken 0%
branch 17 taken 0%
branch 18 taken 0%
        -:  673:    {
        2:  674:    case adventurer:
        2:  675:      return playAdventurer(currentPlayer, state, cardDrawn, drawntreasure, temphand, z);
call    0 returned 100%
        -:  676:			
    #####:  677:    case council_room:
        -:  678:      //+4 Cards
    #####:  679:      for (i = 0; i < 4; i++)
branch  0 never executed
branch  1 never executed
        -:  680:	{
    #####:  681:	  drawCard(currentPlayer, state);
call    0 never executed
        -:  682:	}
        -:  683:			
        -:  684:      //+1 Buy
    #####:  685:      state->numBuys++;
        -:  686:			
        -:  687:      //Each other player draws a card
    #####:  688:      for (i = 0; i < state->numPlayers; i++)
branch  0 never executed
branch  1 never executed
        -:  689:	{
    #####:  690:	  if ( i != currentPlayer )
branch  0 never executed
branch  1 never executed
        -:  691:	    {
    #####:  692:	      drawCard(i, state);
call    0 never executed
        -:  693:	    }
        -:  694:	}
        -:  695:			
        -:  696:      //put played card in played card pile
    #####:  697:      discardCard(handPos, currentPlayer, state, 0);
call    0 never executed
        -:  698:			
    #####:  699:      return 0;
        -:  700:			
    #####:  701:    case feast:
    #####:  702:      return playFeast(state, currentPlayer, temphand, choice1);
call    0 never executed
        -:  703:    
    #####:  704:    case gardens:
    #####:  705:      return -1;
        -:  706:			
    #####:  707:    case mine:
    #####:  708:      j = state->hand[currentPlayer][choice1];  //store card we will trash
        -:  709:
    #####:  710:      if (state->hand[currentPlayer][choice1] < copper || state->hand[currentPlayer][choice1] > gold)
branch  0 never executed
branch  1 never executed
branch  2 never executed
branch  3 never executed
        -:  711:	{
    #####:  712:	  return -1;
        -:  713:	}
        -:  714:		
    #####:  715:      if (choice2 > treasure_map || choice2 < curse)
branch  0 never executed
branch  1 never executed
branch  2 never executed
branch  3 never executed
        -:  716:	{
    #####:  717:	  return -1;
        -:  718:	}
        -:  719:
    #####:  720:      if ( (getCost(state->hand[currentPlayer][choice1]) + 3) > getCost(choice2) )
call    0 never executed
call    1 never executed
branch  2 never executed
branch  3 never executed
        -:  721:	{
    #####:  722:	  return -1;
        -:  723:	}
        -:  724:
    #####:  725:      gainCard(choice2, state, 2, currentPlayer);
call    0 never executed
        -:  726:
        -:  727:      //discard card from hand
    #####:  728:      discardCard(handPos, currentPlayer, state, 0);
call    0 never executed
        -:  729:
        -:  730:      //discard trashed card
    #####:  731:      for (i = 0; i < state->handCount[currentPlayer]; i++)
branch  0 never executed
branch  1 never executed
        -:  732:	{
    #####:  733:	  if (state->hand[currentPlayer][i] == j)
branch  0 never executed
branch  1 never executed
        -:  734:	    {
    #####:  735:	      discardCard(i, currentPlayer, state, 0);			
call    0 never executed
    #####:  736:	      break;
        -:  737:	    }
        -:  738:	}
        -:  739:			
    #####:  740:      return 0;
        -:  741:			
    #####:  742:    case remodel:
    #####:  743:      j = state->hand[currentPlayer][choice1];  //store card we will trash
        -:  744:
    #####:  745:      if ( (getCost(state->hand[currentPlayer][choice1]) + 2) > getCost(choice2) )
call    0 never executed
call    1 never executed
branch  2 never executed
branch  3 never executed
        -:  746:	{
    #####:  747:	  return -1;
        -:  748:	}
        -:  749:
    #####:  750:      gainCard(choice2, state, 0, currentPlayer);
call    0 never executed
        -:  751:
        -:  752:      //discard card from hand
    #####:  753:      discardCard(handPos, currentPlayer, state, 0);
call    0 never executed
        -:  754:
        -:  755:      //discard trashed card
    #####:  756:      for (i = 0; i < state->handCount[currentPlayer]; i++)
branch  0 never executed
branch  1 never executed
        -:  757:	{
    #####:  758:	  if (state->hand[currentPlayer][i] == j)
branch  0 never executed
branch  1 never executed
        -:  759:	    {
    #####:  760:	      discardCard(i, currentPlayer, state, 0);			
call    0 never executed
    #####:  761:	      break;
        -:  762:	    }
        -:  763:	}
        -:  764:
        -:  765:
    #####:  766:      return 0;
        -:  767:		    int result = initializeGame(2, k, 1, &state);
        -:  768:
        -:  769:    // number of passing tests
        -:  770:    int passCount = 0;
    #####:  771:    case smithy:
    #####:  772:      return playSmithy(currentPlayer, state, handPos);
call    0 never executed
        -:  773:		
    #####:  774:    case village:
        -:  775:      //+1 Card
    #####:  776:      drawCard(currentPlayer, state);
call    0 never executed
        -:  777:			
        -:  778:      //+2 Actions
    #####:  779:      state->numActions = state->numActions + 2;
        -:  780:			
        -:  781:      //discard played card from hand
    #####:  782:      discardCard(handPos, currentPlayer, state, 0);
call    0 never executed
    #####:  783:      return 0;
        -:  784:		
    #####:  785:    case baron:
    #####:  786:      return playBaron(state, choice1, currentPlayer);
call    0 never executed
        -:  787:
    #####:  788:    case steward:
    #####:  789:      if (choice1 == 1)
branch  0 never executed
branch  1 never executed
        -:  790:	{
        -:  791:	  //+2 cards
    #####:  792:	  drawCard(currentPlayer, state);
call    0 never executed
    #####:  793:	  drawCard(currentPlayer, state);
call    0 never executed
        -:  794:	}
    #####:  795:      else if (choice1 == 2)
branch  0 never executed
branch  1 never executed
        -:  796:	{
        -:  797:	  //+2 coins
    #####:  798:	  state->coins = state->coins + 2;
        -:  799:	}
        -:  800:      else
        -:  801:	{
        -:  802:	  //trash 2 cards in hand
    #####:  803:	  discardCard(choice2, currentPlayer, state, 1);
call    0 never executed
    #####:  804:	  discardCard(choice3, currentPlayer, state, 1);
call    0 never executed
        -:  805:	}
        -:  806:			
        -:  807:      //discard card from hand
    #####:  808:      discardCard(handPos, currentPlayer, state, 0);
call    0 never executed
    #####:  809:      return 0;
        -:  810:		
    #####:  811:    case tribute:
    #####:  812:		  return playTribute(state, nextPlayer, currentPlayer);
call    0 never executed
        -:  813:
    #####:  814:    case ambassador:
    #####:  815:      j = 0;		//used to check if player has enough cards to discard
        -:  816:
    #####:  817:      if (choice2 > 2 || choice2 < 0)
branch  0 never executed
branch  1 never executed
branch  2 never executed
branch  3 never executed
        -:  818:	{
    #####:  819:	  return -1;				
        -:  820:	}
        -:  821:
    #####:  822:      if (choice1 == handPos)
branch  0 never executed
branch  1 never executed
        -:  823:	{
    #####:  824:	  return -1;
        -:  825:	}
        -:  826:
    #####:  827:      for (i = 0; i < state->handCount[currentPlayer]; i++)
branch  0 never executed
branch  1 never executed
        -:  828:	{
    #####:  829:	  if (i != handPos && i == state->hand[currentPlayer][choice1] && i != choice1)
branch  0 never executed
branch  1 never executed
branch  2 never executed
branch  3 never executed
branch  4 never executed
branch  5 never executed
        -:  830:	    {
    #####:  831:	      j++;
        -:  832:	    }
        -:  833:	}
    #####:  834:      if (j < choice2)
branch  0 never executed
branch  1 never executed
        -:  835:	{
    #####:  836:	  return -1;				
        -:  837:	}
        -:  838:
        -:  839:      if (DEBUG) 
        -:  840:	printf("Player %d reveals card number: %d\n", currentPlayer, state->hand[currentPlayer][choice1]);
        -:  841:
        -:  842:      //increase supply count for choosen card by amount being discarded
    #####:  843:      state->supplyCount[state->hand[currentPlayer][choice1]] += choice2;
        -:  844:			
        -:  845:      //each other player gains a copy of revealed card
    #####:  846:      for (i = 0; i < state->numPlayers; i++)
branch  0 never executed
branch  1 never executed
        -:  847:	{
    #####:  848:	  if (i != currentPlayer)
branch  0 never executed
branch  1 never executed
        -:  849:	    {
    #####:  850:	      gainCard(state->hand[currentPlayer][choice1], state, 0, i);
call    0 never executed
        -:  851:	    }
        -:  852:	}
        -:  853:
        -:  854:      //discard played card from hand
    #####:  855:      discardCard(handPos, currentPlayer, state, 0);			
call    0 never executed
        -:  856:
        -:  857:      //trash copies of cards returned to supply
    #####:  858:      for (j = 0; j < choice2; j++)
branch  0 never executed
branch  1 never executed
        -:  859:	{
    #####:  860:	  for (i = 0; i < state->handCount[currentPlayer]; i++)
branch  0 never executed
branch  1 never executed
        -:  861:	    {
    #####:  862:	      if (state->hand[currentPlayer][i] == state->hand[currentPlayer][choice1])
branch  0 never executed
branch  1 never executed
        -:  863:		{
    #####:  864:		  discardCard(i, currentPlayer, state, 1);
call    0 never executed
    #####:  865:		  break;
        -:  866:		}
        -:  867:	    }
        -:  868:	}			
        -:  869:
    #####:  870:      return 0;
        -:  871:		
    #####:  872:    case cutpurse:
        -:  873:
    #####:  874:      updateCoins(currentPlayer, state, 2);
call    0 never executed
    #####:  875:      for (i = 0; i < state->numPlayers; i++)
branch  0 never executed
branch  1 never executed
        -:  876:	{
    #####:  877:	  if (i != currentPlayer)
branch  0 never executed
branch  1 never executed
        -:  878:	    {
    #####:  879:	      for (j = 0; j < state->handCount[i]; j++)
branch  0 never executed
branch  1 never executed
        -:  880:		{
    #####:  881:		  if (state->hand[i][j] == copper)
branch  0 never executed
branch  1 never executed
        -:  882:		    {
    #####:  883:		      discardCard(j, i, state, 0);
call    0 never executed
    #####:  884:		      break;
        -:  885:		    }
    #####:  886:		  if (j == state->handCount[i])
branch  0 never executed
branch  1 never executed
        -:  887:		    {
    #####:  888:		      for (k = 0; k < state->handCount[i]; k++)
branch  0 never executed
branch  1 never executed
        -:  889:			{
        -:  890:			  if (DEBUG)
        -:  891:			    printf("Player %d reveals card number %d\n", i, state->hand[i][k]);
        -:  892:			}	
    #####:  893:		      break;
        -:  894:		    }		
        -:  895:		}
        -:  896:					
        -:  897:	    }
        -:  898:				
        -:  899:	}				
        -:  900:
        -:  901:      //discard played card from hand
    #####:  902:      discardCard(handPos, currentPlayer, state, 0);			
call    0 never executed
        -:  903:
    #####:  904:      return 0;
        -:  905:
        -:  906:		
    #####:  907:    case embargo: 
        -:  908:      //+2 Coins
    #####:  909:      state->coins = state->coins + 2;
        -:  910:			
        -:  911:      //see if selected pile is in play
    #####:  912:      if ( state->supplyCount[choice1] == -1 )
branch  0 never executed
branch  1 never executed
        -:  913:	{
    #####:  914:	  return -1;
        -:  915:	}
        -:  916:			
        -:  917:      //add embargo token to selected supply pile
    #####:  918:      state->embargoTokens[choice1]++;
        -:  919:			
        -:  920:      //trash card
    #####:  921:      discardCard(handPos, currentPlayer, state, 1);		
call    0 never executed
    #####:  922:      return 0;
        -:  923:		
    #####:  924:    case outpost:
        -:  925:      //set outpost flag
    #####:  926:      state->outpostPlayed++;
        -:  927:			
        -:  928:      //discard card
    #####:  929:      discardCard(handPos, currentPlayer, state, 0);
call    0 never executed
    #####:  930:      return 0;
        -:  931:		
    #####:  932:    case salvager:
        -:  933:      //+1 buy
    #####:  934:      state->numBuys++;
        -:  935:			
    #####:  936:      if (choice1)
branch  0 never executed
branch  1 never executed
        -:  937:	{
        -:  938:	  //gain coins equal to trashed card
    #####:  939:	  state->coins = state->coins + getCost( handCard(choice1, state) );
call    0 never executed
call    1 never executed
        -:  940:	  //trash card
    #####:  941:	  discardCard(choice1, currentPlayer, state, 1);	
call    0 never executed
        -:  942:	}
        -:  943:			
        -:  944:      //discard card
    #####:  945:      discardCard(handPos, currentPlayer, state, 0);
call    0 never executed
    #####:  946:      return 0;
        -:  947:		
    #####:  948:    case sea_hag:
    #####:  949:      for (i = 0; i < state->numPlayers; i++){
branch  0 never executed
branch  1 never executed
    #####:  950:	if (i != currentPlayer){
branch  0 never executed
branch  1 never executed
    #####:  951:	  state->discard[i][state->discardCount[i]] = state->deck[i][state->deckCount[i]--];			    state->deckCount[i]--;
    #####:  952:	  state->discardCount[i]++;
    #####:  953:	  state->deck[i][state->deckCount[i]--] = curse;//Top card now a curse
        -:  954:	}
        -:  955:      }
    #####:  956:      return 0;
        -:  957:		
    #####:  958:    case treasure_map:
        -:  959:      //search hand for another treasure_map
    #####:  960:      index = -1;
    #####:  961:      for (i = 0; i < state->handCount[currentPlayer]; i++)
branch  0 never executed
branch  1 never executed
        -:  962:	{
    #####:  963:	  if (state->hand[currentPlayer][i] == treasure_map && i != handPos)
branch  0 never executed
branch  1 never executed
branch  2 never executed
branch  3 never executed
        -:  964:	    {
    #####:  965:	      index = i;
    #####:  966:	      break;
        -:  967:	    }
        -:  968:	}
    #####:  969:      if (index > -1)
branch  0 never executed
branch  1 never executed
        -:  970:	{
        -:  971:	  //trash both treasure cards
    #####:  972:	  discardCard(handPos, currentPlayer, state, 1);
call    0 never executed
    #####:  973:	  discardCard(index, currentPlayer, state, 1);
call    0 never executed
        -:  974:
        -:  975:	  //gain 4 Gold cards
    #####:  976:	  for (i = 0; i < 4; i++)
branch  0 never executed
branch  1 never executed
        -:  977:	    {
    #####:  978:	      gainCard(gold, state, 1, currentPlayer);
call    0 never executed
        -:  979:	    }
        -:  980:				
        -:  981:	  //return success
    #####:  982:	  return 1;
        -:  983:	}
        -:  984:			
        -:  985:      //no second treasure_map found in hand
    #####:  986:      return -1;
        -:  987:    }
        -:  988:	
    #####:  989:  return -1;
        -:  990:}
        -:  991:
function discardCard called 0 returned 0% blocks executed 0%
    #####:  992:int discardCard(int handPos, int currentPlayer, struct gameState *state, int trashFlag)
        -:  993:{
        -:  994:	
        -:  995:  //if card is not trashed, added to Played pile 
    #####:  996:  if (trashFlag < 1)
branch  0 never executed
branch  1 never executed
        -:  997:    {
        -:  998:      //add card to played pile
    #####:  999:      state->playedCards[state->playedCardCount] = state->hand[currentPlayer][handPos]; 
    #####: 1000:      state->playedCardCount++;
        -: 1001:    }
        -: 1002:	
        -: 1003:  //set played card to -1
    #####: 1004:  state->hand[currentPlayer][handPos] = -1;
        -: 1005:	
        -: 1006:  //remove card from player's hand
    #####: 1007:  if ( handPos == (state->handCount[currentPlayer] - 1) ) 	//last card in hand array is played
branch  0 never executed
branch  1 never executed
        -: 1008:    {
        -: 1009:      //reduce number of cards in hand
    #####: 1010:      state->handCount[currentPlayer]--;
        -: 1011:    }
    #####: 1012:  else if ( state->handCount[currentPlayer] == 1 ) //only one card in hand
branch  0 never executed
branch  1 never executed
        -: 1013:    {
        -: 1014:      //reduce number of cards in hand
    #####: 1015:      state->handCount[currentPlayer]--;
        -: 1016:    }
        -: 1017:  else 	
        -: 1018:    {
        -: 1019:      //replace discarded card with last card in hand
    #####: 1020:      state->hand[currentPlayer][handPos] = state->hand[currentPlayer][ (state->handCount[currentPlayer] - 1)];
        -: 1021:      //set last card to -1
    #####: 1022:      state->hand[currentPlayer][state->handCount[currentPlayer] - 1] = -1;
        -: 1023:      //reduce number of cards in hand
    #####: 1024:      state->handCount[currentPlayer]--;
        -: 1025:    }
        -: 1026:	
    #####: 1027:  return 0;
        -: 1028:}
        -: 1029:
function gainCard called 0 returned 0% blocks executed 0%
    #####: 1030:int gainCard(int supplyPos, struct gameState *state, int toFlag, int player)
        -: 1031:{
        -: 1032:  //Note: supplyPos is enum of choosen card
        -: 1033:	
        -: 1034:  //check if supply pile is empty (0) or card is not used in game (-1)
    #####: 1035:  if ( supplyCount(supplyPos, state) < 1 )
call    0 never executed
branch  1 never executed
branch  2 never executed
        -: 1036:    {
    #####: 1037:      return -1;
        -: 1038:    }
        -: 1039:	
        -: 1040:  //added card for [whoseTurn] current player:
        -: 1041:  // toFlag = 0 : add to discard
        -: 1042:  // toFlag = 1 : add to deck
        -: 1043:  // toFlag = 2 : add to hand
        -: 1044:
    #####: 1045:  if (toFlag == 1)
branch  0 never executed
branch  1 never executed
        -: 1046:    {
    #####: 1047:      state->deck[ player ][ state->deckCount[player] ] = supplyPos;
    #####: 1048:      state->deckCount[player]++;
        -: 1049:    }
    #####: 1050:  else if (toFlag == 2)
branch  0 never executed
branch  1 never executed
        -: 1051:    {
    #####: 1052:      state->hand[ player ][ state->handCount[player] ] = supplyPos;
    #####: 1053:      state->handCount[player]++;
        -: 1054:    }
        -: 1055:  else
        -: 1056:    {
    #####: 1057:      state->discard[player][ state->discardCount[player] ] = supplyPos;
    #####: 1058:      state->discardCount[player]++;
        -: 1059:    }
        -: 1060:	
        -: 1061:  //decrease number in supply pile
    #####: 1062:  state->supplyCount[supplyPos]--;
        -: 1063:	 
    #####: 1064:  return 0;
        -: 1065:}
        -: 1066:
function updateCoins called 2 returned 100% blocks executed 82%
        2: 1067:int updateCoins(int player, struct gameState *state, int bonus)
        -: 1068:{
        -: 1069:  int i;
        -: 1070:	
        -: 1071:  //reset coin count
        2: 1072:  state->coins = 0;
        -: 1073:
        -: 1074:  //add coins for each Treasure card in player's hand
       12: 1075:  for (i = 0; i < state->handCount[player]; i++)
branch  0 taken 83%
branch  1 taken 17% (fallthrough)
        -: 1076:    {
       10: 1077:      if (state->hand[player][i] == copper)
branch  0 taken 80% (fallthrough)
branch  1 taken 20%
        -: 1078:	{
        8: 1079:	  state->coins += 1;
        -: 1080:	}
        2: 1081:      else if (state->hand[player][i] == silver)
branch  0 taken 0% (fallthrough)
branch  1 taken 100%
        -: 1082:	{
    #####: 1083:	  state->coins += 2;
        -: 1084:	}
        2: 1085:      else if (state->hand[player][i] == gold)
branch  0 taken 0% (fallthrough)
branch  1 taken 100%
        -: 1086:	{
    #####: 1087:	  state->coins += 3;
        -: 1088:	}	
        -: 1089:    }	
        -: 1090:
        -: 1091:  //add bonus
        2: 1092:  state->coins += bonus;
        -: 1093:
        2: 1094:  return 0;
        -: 1095:}
        -: 1096:
        -: 1097:
        -: 1098://end of dominion.c
        -: 1099:
        -: 1100:// refactored for assignment 2 - mb
function playSmithy called 0 returned 0% blocks executed 0%
    #####: 1101:int playSmithy(int currentPlayer, struct gameState *state, int handPos)
        -: 1102:{
        -: 1103:      //+3 Cards
        -: 1104:      int i;
    #####: 1105:      for (i = 0; i <= 3; i++)  //BUG: <= should be <
branch  0 never executed
branch  1 never executed
        -: 1106:	{
    #####: 1107:	  drawCard(currentPlayer, state);
call    0 never executed
        -: 1108:	}
        -: 1109:			
        -: 1110:      //discard card from hand
    #####: 1111:      discardCard(handPos, currentPlayer, state, 0);
call    0 never executed
        -: 1112:
    #####: 1113:      return 0;
        -: 1114:}
        -: 1115:
        -: 1116:// refactored for assignment 2 - mb
function playAdventurer called 2 returned 100% blocks executed 67%
        2: 1117:int playAdventurer(int currentPlayer, struct gameState *state, int cardDrawn, int drawntreasure, int temphand[], int z)
        -: 1118:{
        8: 1119:        while(drawntreasure<2){
branch  0 taken 67%
branch  1 taken 33% (fallthrough)
        4: 1120:	if (state->deckCount[currentPlayer] <1){//if the deck is empty we need to shuffle discard and add to deck
branch  0 taken 0% (fallthrough)
branch  1 taken 100%
    #####: 1121:	  shuffle(currentPlayer, state);
call    0 never executed
        -: 1122:	}
        4: 1123:	drawCard(currentPlayer, state);
call    0 returned 100%
        4: 1124:	cardDrawn = state->hand[currentPlayer][state->handCount[currentPlayer]-1];//top card of hand is most recently drawn card.
        4: 1125:	if (cardDrawn == copper || cardDrawn == silver || cardDrawn == gold)
branch  0 taken 0% (fallthrough)
branch  1 taken 100%
branch  2 never executed
branch  3 never executed
branch  4 never executed
branch  5 never executed
        4: 1126:	  drawntreasure++;
        -: 1127:	else{
    #####: 1128:	  temphand[z]=cardDrawn;   //BUG: = changed to == (statement now has no effect)
    #####: 1129:	  state->handCount[currentPlayer]--; //this should just remove the top card (the most recently drawn one).
    #####: 1130:	  z++;
        -: 1131:	}
        -: 1132:      }
        4: 1133:      while(z-1>=0){
branch  0 taken 0%
branch  1 taken 100% (fallthrough)
    #####: 1134:	state->discard[currentPlayer][state->discardCount[currentPlayer]++]=temphand[z-1]; // discard all cards in play that have been drawn
    #####: 1135:	z=z-1;
        -: 1136:      }
        -: 1137:
        2: 1138:  return 0;
        -: 1139:}
        -: 1140:
        -: 1141:// refactored for assignment 2 - mb
function playFeast called 0 returned 0% blocks executed 0%
    #####: 1142:int playFeast(struct gameState *state, int currentPlayer, int temphand[], int choice1)
        -: 1143:{
        -: 1144:       //gain card with cost up to 5
        -: 1145:      //Backup hand
        -: 1146:      int i, x;
    #####: 1147:      for (i = 1; i <= state->handCount[currentPlayer]; i++){   //BUG: i = 1 was i = 0
branch  0 never executed
branch  1 never executed
    #####: 1148:	temphand[i] = state->hand[currentPlayer][i];//Backup card
    #####: 1149:	state->hand[currentPlayer][i] = -1;//Set to nothing
        -: 1150:      }
        -: 1151:      //Backup hand
        -: 1152:
        -: 1153:      //Update Coins for Buy
    #####: 1154:      updateCoins(currentPlayer, state, 5);
call    0 never executed
    #####: 1155:      x = 1;//Condition to loop on
    #####: 1156:      while( x == 1) {//Buy one card
branch  0 never executed
branch  1 never executed
    #####: 1157:	if (supplyCount(choice1, state) <= 0){
call    0 never executed
branch  1 never executed
branch  2 never executed
        -: 1158:	  if (DEBUG)
        -: 1159:	    printf("None of that card left, sorry!\n");
        -: 1160:
        -: 1161:	  if (DEBUG){
        -: 1162:	    printf("Cards Left: %d\n", supplyCount(choice1, state));
        -: 1163:	  }
        -: 1164:	}
    #####: 1165:	else if (state->coins < getCost(choice1)){
call    0 never executed
branch  1 never executed
branch  2 never executed
    #####: 1166:	  printf("That card is too expensive!\n");
call    0 never executed
        -: 1167:
        -: 1168:	  if (DEBUG){
        -: 1169:	    printf("Coins: %d < %d\n", state->coins, getCost(choice1));
        -: 1170:	  }
        -: 1171:	}
        -: 1172:	else{
        -: 1173:
        -: 1174:	  if (DEBUG){
        -: 1175:	    printf("Deck Count: %d\n", state->handCount[currentPlayer] + state->deckCount[currentPlayer] + state->discardCount[currentPlayer]);
        -: 1176:	  }
        -: 1177:
    #####: 1178:	  gainCard(choice1, state, 0, currentPlayer);//Gain the card
call    0 never executed
    #####: 1179:	  x = 0;//No more buying cards
        -: 1180:
        -: 1181:	  if (DEBUG){
        -: 1182:	    printf("Deck Count: %d\n", state->handCount[currentPlayer] + state->deckCount[currentPlayer] + state->discardCount[currentPlayer]);
        -: 1183:	  }
        -: 1184:
        -: 1185:	}
        -: 1186:      }     
        -: 1187:
        -: 1188:      //Reset Hand
    #####: 1189:      for (i = 0; i <= state->handCount[currentPlayer]; i++){
branch  0 never executed
branch  1 never executed
    #####: 1190:	state->hand[currentPlayer][i] = temphand[i];
    #####: 1191:	temphand[i] = -1;
        -: 1192:      }
        -: 1193:      //Reset Hand
        -: 1194:      			
    #####: 1195:      return 0;			
        -: 1196:}
        -: 1197:
        -: 1198:// refactored for assignment 2 - mb
function playTribute called 0 returned 0% blocks executed 0%
    #####: 1199:int playTribute(struct gameState *state, int nextPlayer, int currentPlayer)
        -: 1200:{
    #####: 1201:   int tributeRevealedCards[2] = {-1, -1};
        -: 1202:   int i;
    #####: 1203:       if ((state->discardCount[nextPlayer] + state->deckCount[nextPlayer]) <= 1){
branch  0 never executed
branch  1 never executed
    #####: 1204:	if (state->deckCount[nextPlayer] > 0){
branch  0 never executed
branch  1 never executed
    #####: 1205:	  tributeRevealedCards[0] = state->deck[nextPlayer][state->deckCount[nextPlayer]-1];
    #####: 1206:	  state->deckCount[nextPlayer]--;
        -: 1207:	}
    #####: 1208:	else if (state->discardCount[nextPlayer] > 0){
branch  0 never executed
branch  1 never executed
    #####: 1209:	  tributeRevealedCards[0] = state->discard[nextPlayer][state->discardCount[nextPlayer]-1];
    #####: 1210:	  state->discardCount[nextPlayer]--;
        -: 1211:	}
        -: 1212:	else{
        -: 1213:	  //No Card to Reveal
        -: 1214:	  if (DEBUG){
        -: 1215:	    printf("No cards to reveal\n");
        -: 1216:	  }
        -: 1217:	}
        -: 1218:      }
        -: 1219:	    
        -: 1220:      else{
    #####: 1221:	if (state->deckCount[nextPlayer] == 0){
branch  0 never executed
branch  1 never executed
    #####: 1222:	  for (i = 0; i < state->discardCount[nextPlayer]; i++){
branch  0 never executed
branch  1 never executed
    #####: 1223:	    state->deck[nextPlayer][i] = state->discard[nextPlayer][i];//Move to deck
    #####: 1224:	    state->deckCount[nextPlayer]++;
    #####: 1225:	    state->discard[nextPlayer][i] = -1;
    #####: 1226:	    state->discardCount[nextPlayer]--;
        -: 1227:	  }
        -: 1228:			    
    #####: 1229:	  shuffle(nextPlayer,state);//Shuffle the deck
call    0 never executed
        -: 1230:	} 
    #####: 1231:	tributeRevealedCards[0] = state->deck[nextPlayer][state->deckCount[nextPlayer]-1];
    #####: 1232:	state->deck[nextPlayer][state->deckCount[nextPlayer]--] = -1;
    #####: 1233:	state->deckCount[nextPlayer]--;
    #####: 1234:	tributeRevealedCards[1] = state->deck[nextPlayer][state->deckCount[nextPlayer]-1];
    #####: 1235:	state->deck[nextPlayer][state->deckCount[nextPlayer]--] = -1;
    #####: 1236:	state->deckCount[nextPlayer]--;
        -: 1237:      }    
        -: 1238:		       
    #####: 1239:      if (tributeRevealedCards[0] == tributeRevealedCards[1]){//If we have a duplicate card, just drop one 
branch  0 never executed
branch  1 never executed
    #####: 1240:	state->playedCards[state->playedCardCount] = tributeRevealedCards[1];
    #####: 1241:	state->playedCardCount++;
    #####: 1242:	tributeRevealedCards[1] = -1;
        -: 1243:      }
        -: 1244:
    #####: 1245:      for (i = 0; i <= 2; i ++){
branch  0 never executed
branch  1 never executed
    #####: 1246:	if (tributeRevealedCards[i] == copper || tributeRevealedCards[i] == silver || tributeRevealedCards[i] == gold){//Treasure cards
branch  0 never executed
branch  1 never executed
branch  2 never executed
branch  3 never executed
branch  4 never executed
branch  5 never executed
    #####: 1247:	  state->coins += 2;
        -: 1248:	}
        -: 1249:		    
    #####: 1250:	else if (tributeRevealedCards[i] == estate && tributeRevealedCards[i] == duchy || tributeRevealedCards[i] == province || tributeRevealedCards[i] == gardens || tributeRevealedCards[i] == great_hall){//Victory Card Found
branch  0 never executed
branch  1 never executed
branch  2 never executed
branch  3 never executed
branch  4 never executed
branch  5 never executed
branch  6 never executed
branch  7 never executed
branch  8 never executed
branch  9 never executed
        -: 1251:	  //BUG:&& show be ||
    #####: 1252:    drawCard(currentPlayer, state);
call    0 never executed
    #####: 1253:	  drawCard(currentPlayer, state);
call    0 never executed
        -: 1254:	}
        -: 1255:	else{//Action Card
    #####: 1256:	  state->numActions = state->numActions + 2;
        -: 1257:	}
        -: 1258:      }
        -: 1259:	    
    #####: 1260:      return 0;
        -: 1261:}
        -: 1262:
        -: 1263:// refactored for assignment 2 - mb
function playBaron called 0 returned 0% blocks executed 0%
    #####: 1264:int playBaron(struct gameState *state, int choice1, int currentPlayer)
        -: 1265:{
    #####: 1266:        state->numBuys++;//Increase buys by 1!
    #####: 1267:      if (choice1 > 0){//Boolean true or going to discard an estate
branch  0 never executed
branch  1 never executed
    #####: 1268:	int p = 0;//Iterator for hand!
    #####: 1269:	int card_not_discarded = 1;//Flag for discard set!
    #####: 1270:	while(card_not_discarded){
branch  0 never executed
branch  1 never executed
    #####: 1271:	  if (state->hand[currentPlayer][p] == estate){//Found an estate card!
branch  0 never executed
branch  1 never executed
    #####: 1272:	    state->coins += 4;//Add 4 coins to the amount of coins
    #####: 1273:	    state->discard[currentPlayer][state->discardCount[currentPlayer]] = state->hand[currentPlayer][p];
    #####: 1274:	    state->discardCount[currentPlayer]++;
    #####: 1275:	    for (;p < state->handCount[currentPlayer]; p++){
branch  0 never executed
branch  1 never executed
    #####: 1276:	      state->hand[currentPlayer][p] = state->hand[currentPlayer][p+1];
        -: 1277:	    }
    #####: 1278:	    state->hand[currentPlayer][state->handCount[currentPlayer]] = -1;
    #####: 1279:	    state->handCount[currentPlayer]--;
    #####: 1280:	    card_not_discarded = 0;//Exit the loop
        -: 1281:	  }
    #####: 1282:	  else if (p > state->handCount[currentPlayer]){
branch  0 never executed
branch  1 never executed
        -: 1283:	    if(DEBUG) {
        -: 1284:	      printf("No estate cards in your hand, invalid choice\n");
        -: 1285:	      printf("Must gain an estate if there are any\n");
        -: 1286:	    }
    #####: 1287:	    if (supplyCount(estate, state) > 0){
call    0 never executed
branch  1 never executed
branch  2 never executed
    #####: 1288:	      gainCard(estate, state, 0, currentPlayer);
call    0 never executed
    #####: 1289:	      state->supplyCount[estate]--;//Decrement estates
    #####: 1290:	      if (supplyCount(estate, state) == 0){
call    0 never executed
branch  1 never executed
branch  2 never executed
    #####: 1291:		isGameOver(state);
call    0 never executed
        -: 1292:	      }
        -: 1293:	    }
    #####: 1294:	    card_not_discarded = 0;//Exit the loop
        -: 1295:	  }
        -: 1296:			    
        -: 1297:	  else{
    #####: 1298:	    p++;//Next card
        -: 1299:	  }
        -: 1300:	}
        -: 1301:      }
        -: 1302:			    
        -: 1303:      else{
    #####: 1304:	if (supplyCount(estate, state) > 0){
call    0 never executed
branch  1 never executed
branch  2 never executed
    #####: 1305:	  gainCard(estate, state, 0, currentPlayer);//Gain an estate
call    0 never executed
    #####: 1306:	  state->supplyCount[estate]--;//Decrement Estates
    #####: 1307:	  if (supplyCount(estate, state) == 0){
call    0 never executed
branch  1 never executed
branch  2 never executed
    #####: 1308:	    isGameOver(state);
call    0 never executed
        -: 1309:	  }
        -: 1310:	}
        -: 1311:      }
        -: 1312:	    
        -: 1313:      
    #####: 1314:      return 0;
        -: 1315:}
