TN:
SF:/home/matt/OSU/362/assignment4/CS362-004-U2018/projects/brittma/dominion/asserttrue.h
FN:14,asserttrue
FNDA:10000,asserttrue
FNF:1
FNH:1
DA:14,10000
DA:16,10000
DA:19,6465
DA:23,3535
DA:24,3535
LF:5
LH:5
end_of_record
SF:/home/matt/OSU/362/assignment4/CS362-004-U2018/projects/brittma/dominion/randomtestadventurer.c
FN:22,adventurerCount
FN:32,countTreasureCards
FN:42,checkAdventurer
FN:102,addAdventurer
FN:108,randomTreasureCard
FN:119,randTestAdventuer
FN:171,main
FNDA:0,adventurerCount
FNDA:12000,countTreasureCards
FNDA:2000,checkAdventurer
FNDA:2000,addAdventurer
FNDA:12002,randomTreasureCard
FNDA:1,randTestAdventuer
FNDA:1,main
FNF:7
FNH:6
DA:22,0
DA:24,0
DA:25,0
DA:26,0
DA:28,0
DA:32,12000
DA:34,12000
DA:35,2985652
DA:36,2973652
DA:37,27551
DA:38,12000
DA:42,2000
DA:44,2000
DA:45,2000
DA:46,2000
DA:48,2000
DA:49,2000
DA:50,2000
DA:52,2000
DA:56,2000
DA:58,0
DA:62,2000
DA:63,2000
DA:65,2000
DA:67,613
DA:68,613
DA:72,2000
DA:73,2000
DA:75,612
DA:80,2000
DA:81,2000
DA:83,2000
DA:85,613
DA:90,2000
DA:91,2000
DA:92,2000
DA:94,2000
DA:96,1697
DA:99,2000
DA:102,2000
DA:104,2000
DA:105,2000
DA:106,2000
DA:108,12002
DA:110,12002
DA:112,4060
DA:113,3894
DA:115,4048
DA:119,1
DA:130,2001
DA:133,2000
DA:136,52602000
DA:138,52600000
DA:142,2000
DA:143,2000
DA:144,2000
DA:145,2000
DA:146,2000
DA:149,2000
DA:150,6026
DA:151,4026
DA:153,2000
DA:154,5993
DA:155,3993
DA:157,2000
DA:158,5983
DA:159,3983
DA:163,2000
DA:164,2000
DA:166,2000
DA:168,1
DA:171,1
DA:173,1
DA:174,1
DA:176,1
DA:178,1
DA:179,1
LF:77
LH:71
end_of_record
TN:
SF:/home/matt/OSU/362/assignment4/CS362-004-U2018/projects/brittma/dominion/dominion.c
FN:9,compare
FN:17,newGame
FN:22,kingdomCards
FN:38,initializeGame
FN:202,shuffle
FN:232,playCard
FN:273,buyCard
FN:312,numHandCards
FN:316,handCard
FN:321,supplyCount
FN:325,fullDeckCount
FN:347,whoseTurn
FN:351,endTurn
FN:391,isGameOver
FN:418,scoreFor
FN:458,getWinners
FN:526,drawCard
FN:584,getCost
FN:647,cardEffect
FN:984,discardCard
FN:1022,gainCard
FN:1059,updateCoins
FN:1093,playSmithy
FN:1110,playAdventurer
FN:1150,playFeast
FN:1207,playTribute
FN:1272,playBaron
FNDA:1360259,compare
FNDA:6000,newGame
FNDA:0,kingdomCards
FNDA:0,initializeGame
FNDA:1582,shuffle
FNDA:0,playCard
FNDA:0,buyCard
FNDA:0,numHandCards
FNDA:0,handCard
FNDA:2947,supplyCount
FNDA:0,fullDeckCount
FNDA:0,whoseTurn
FNDA:0,endTurn
FNDA:128,isGameOver
FNDA:0,scoreFor
FNDA:0,getWinners
FNDA:365076,drawCard
FNDA:0,getCost
FNDA:0,cardEffect
FNDA:2000,discardCard
FNDA:941,gainCard
FNDA:0,updateCoins
FNDA:2000,playSmithy
FNDA:2000,playAdventurer
FNDA:0,playFeast
FNDA:0,playTribute
FNDA:2000,playBaron
FNF:27
FNH:11
DA:9,1360259
DA:10,1360259
DA:11,697052
DA:12,663207
DA:13,662796
DA:14,411
DA:17,6000
DA:18,6000
DA:19,6000
DA:22,0
DA:24,0
DA:25,0
DA:26,0
DA:27,0
DA:28,0
DA:29,0
DA:30,0
DA:31,0
DA:32,0
DA:33,0
DA:34,0
DA:35,0
DA:38,0
DA:45,0
DA:46,0
DA:49,0
DA:51,0
DA:55,0
DA:58,0
DA:60,0
DA:62,0
DA:64,0
DA:74,0
DA:76,0
DA:78,0
DA:80,0
DA:84,0
DA:88,0
DA:90,0
DA:91,0
DA:92,0
DA:96,0
DA:97,0
DA:98,0
DA:102,0
DA:103,0
DA:104,0
DA:107,0
DA:109,0
DA:111,0
DA:114,0
DA:116,0
DA:117,0
DA:119,0
DA:123,0
DA:125,0
DA:129,0
DA:139,0
DA:141,0
DA:142,0
DA:144,0
DA:145,0
DA:147,0
DA:149,0
DA:150,0
DA:155,0
DA:157,0
DA:159,0
DA:164,0
DA:167,0
DA:168,0
DA:177,0
DA:179,0
DA:183,0
DA:184,0
DA:185,0
DA:186,0
DA:187,0
DA:188,0
DA:189,0
DA:193,0
DA:194,0
DA:197,0
DA:199,0
DA:202,1582
DA:206,1582
DA:210,1582
DA:211,787
DA:212,795
DA:215,196315
DA:216,194725
DA:217,194725
DA:218,194725
DA:219,16285643
DA:220,16090918
DA:222,194725
DA:224,195520
DA:225,194725
DA:226,194725
DA:229,795
DA:232,0
DA:235,0
DA:238,0
DA:240,0
DA:244,0
DA:246,0
DA:250,0
DA:253,0
DA:255,0
DA:259,0
DA:261,0
DA:265,0
DA:268,0
DA:270,0
DA:273,0
DA:276,0
DA:281,0
DA:283,0
DA:285,0
DA:286,0
DA:287,0
DA:289,0
DA:290,0
DA:291,0
DA:293,0
DA:294,0
DA:296,0
DA:298,0
DA:300,0
DA:301,0
DA:303,0
DA:309,0
DA:312,0
DA:313,0
DA:316,0
DA:317,0
DA:318,0
DA:321,2947
DA:322,2947
DA:325,0
DA:327,0
DA:329,0
DA:331,0
DA:334,0
DA:336,0
DA:339,0
DA:341,0
DA:344,0
DA:347,0
DA:348,0
DA:351,0
DA:354,0
DA:357,0
DA:358,0
DA:359,0
DA:361,0
DA:364,0
DA:365,0
DA:368,0
DA:371,0
DA:372,0
DA:373,0
DA:374,0
DA:375,0
DA:376,0
DA:377,0
DA:381,0
DA:382,0
DA:386,0
DA:388,0
DA:391,128
DA:396,128
DA:398,0
DA:402,128
DA:403,3328
DA:405,3200
DA:407,128
DA:410,128
DA:412,0
DA:415,128
DA:418,0
DA:421,0
DA:423,0
DA:425,0
DA:426,0
DA:427,0
DA:428,0
DA:429,0
DA:430,0
DA:434,0
DA:436,0
DA:437,0
DA:438,0
DA:439,0
DA:440,0
DA:441,0
DA:445,0
DA:447,0
DA:448,0
DA:449,0
DA:450,0
DA:451,0
DA:452,0
DA:455,0
DA:458,0
DA:465,0
DA:468,0
DA:470,0
DA:474,0
DA:479,0
DA:480,0
DA:482,0
DA:484,0
DA:487,0
DA:490,0
DA:491,0
DA:493,0
DA:495,0
DA:500,0
DA:501,0
DA:503,0
DA:505,0
DA:508,0
DA:511,0
DA:513,0
DA:515,0
DA:519,0
DA:523,0
DA:526,365076
DA:529,365076
DA:534,195523
DA:535,194725
DA:536,194725
DA:539,798
DA:540,798
DA:543,798
DA:546,798
DA:549,798
DA:552,798
DA:555,798
DA:558,798
DA:560,798
DA:561,3
DA:563,795
DA:564,795
DA:565,795
DA:569,364278
DA:572,364278
DA:575,364278
DA:576,364278
DA:577,364278
DA:578,364278
DA:581,365073
DA:584,0
DA:586,0
DA:588,0
DA:589,0
DA:590,0
DA:591,0
DA:592,0
DA:593,0
DA:594,0
DA:595,0
DA:596,0
DA:597,0
DA:598,0
DA:599,0
DA:600,0
DA:601,0
DA:602,0
DA:603,0
DA:604,0
DA:605,0
DA:606,0
DA:607,0
DA:608,0
DA:609,0
DA:610,0
DA:611,0
DA:612,0
DA:613,0
DA:614,0
DA:615,0
DA:616,0
DA:617,0
DA:618,0
DA:619,0
DA:620,0
DA:621,0
DA:622,0
DA:623,0
DA:624,0
DA:625,0
DA:626,0
DA:627,0
DA:628,0
DA:629,0
DA:630,0
DA:631,0
DA:632,0
DA:633,0
DA:634,0
DA:635,0
DA:636,0
DA:637,0
DA:638,0
DA:639,0
DA:640,0
DA:641,0
DA:644,0
DA:647,0
DA:654,0
DA:655,0
DA:661,0
DA:662,0
DA:667,0
DA:669,0
DA:670,0
DA:672,0
DA:674,0
DA:676,0
DA:680,0
DA:683,0
DA:685,0
DA:687,0
DA:692,0
DA:694,0
DA:696,0
DA:697,0
DA:699,0
DA:700,0
DA:702,0
DA:703,0
DA:705,0
DA:707,0
DA:710,0
DA:712,0
DA:715,0
DA:717,0
DA:720,0
DA:723,0
DA:726,0
DA:728,0
DA:730,0
DA:731,0
DA:735,0
DA:737,0
DA:738,0
DA:740,0
DA:742,0
DA:745,0
DA:748,0
DA:751,0
DA:753,0
DA:755,0
DA:756,0
DA:761,0
DA:763,0
DA:764,0
DA:766,0
DA:768,0
DA:771,0
DA:774,0
DA:775,0
DA:777,0
DA:778,0
DA:780,0
DA:781,0
DA:784,0
DA:785,0
DA:787,0
DA:790,0
DA:795,0
DA:796,0
DA:800,0
DA:801,0
DA:803,0
DA:804,0
DA:806,0
DA:807,0
DA:809,0
DA:811,0
DA:814,0
DA:816,0
DA:819,0
DA:821,0
DA:823,0
DA:826,0
DA:828,0
DA:832,0
DA:835,0
DA:838,0
DA:840,0
DA:842,0
DA:847,0
DA:850,0
DA:852,0
DA:854,0
DA:856,0
DA:857,0
DA:862,0
DA:864,0
DA:866,0
DA:867,0
DA:869,0
DA:871,0
DA:873,0
DA:875,0
DA:876,0
DA:878,0
DA:880,0
DA:883,0
DA:885,0
DA:894,0
DA:896,0
DA:899,0
DA:901,0
DA:904,0
DA:906,0
DA:910,0
DA:913,0
DA:914,0
DA:916,0
DA:918,0
DA:921,0
DA:922,0
DA:924,0
DA:926,0
DA:928,0
DA:931,0
DA:933,0
DA:937,0
DA:938,0
DA:940,0
DA:941,0
DA:942,0
DA:943,0
DA:944,0
DA:945,0
DA:948,0
DA:950,0
DA:952,0
DA:953,0
DA:955,0
DA:957,0
DA:958,0
DA:961,0
DA:964,0
DA:965,0
DA:968,0
DA:970,0
DA:974,0
DA:978,0
DA:981,0
DA:984,2000
DA:988,2000
DA:991,2000
DA:992,2000
DA:996,2000
DA:999,2000
DA:1002,0
DA:1004,2000
DA:1007,0
DA:1012,2000
DA:1014,2000
DA:1016,2000
DA:1019,2000
DA:1022,941
DA:1027,941
DA:1029,0
DA:1037,941
DA:1039,0
DA:1040,0
DA:1042,941
DA:1044,0
DA:1045,0
DA:1049,941
DA:1050,941
DA:1054,941
DA:1056,941
DA:1059,0
DA:1064,0
DA:1067,0
DA:1069,0
DA:1071,0
DA:1073,0
DA:1075,0
DA:1077,0
DA:1079,0
DA:1084,0
DA:1086,0
DA:1093,2000
DA:1097,10000
DA:1099,8000
DA:1103,2000
DA:1105,2000
DA:1110,2000
DA:1113,2000
DA:1116,2000
DA:1117,2000
DA:1119,361076
DA:1122,357854
DA:1124,357076
DA:1126,784
DA:1127,784
DA:1129,357076
DA:1130,357076
DA:1131,357076
DA:1132,2823
DA:1135,354253
DA:1136,354253
DA:1137,354253
DA:1140,358253
DA:1142,354253
DA:1143,354253
DA:1146,2000
DA:1150,0
DA:1155,0
DA:1156,0
DA:1157,0
DA:1162,0
DA:1163,0
DA:1164,0
DA:1165,0
DA:1167,0
DA:1170,0
DA:1173,0
DA:1174,0
DA:1177,0
DA:1183,0
DA:1186,0
DA:1187,0
DA:1190,0
DA:1197,0
DA:1198,0
DA:1199,0
DA:1203,0
DA:1207,0
DA:1209,0
DA:1211,0
DA:1212,0
DA:1213,0
DA:1214,0
DA:1216,0
DA:1217,0
DA:1218,0
DA:1223,0
DA:1229,0
DA:1230,0
DA:1231,0
DA:1232,0
DA:1233,0
DA:1234,0
DA:1237,0
DA:1239,0
DA:1240,0
DA:1241,0
DA:1242,0
DA:1243,0
DA:1244,0
DA:1247,0
DA:1248,0
DA:1249,0
DA:1250,0
DA:1253,0
DA:1254,0
DA:1255,0
DA:1258,0
DA:1260,0
DA:1261,0
DA:1264,0
DA:1268,0
DA:1272,2000
DA:1274,2000
DA:1275,2000
DA:1277,1020
DA:1278,1020
DA:1279,67925
DA:1281,65885
DA:1283,935
DA:1284,935
DA:1285,935
DA:1286,189288
DA:1288,188353
DA:1290,935
DA:1291,935
DA:1292,935
DA:1294,64950
DA:1298,85
DA:1299,85
DA:1301,85
DA:1303,74
DA:1304,74
DA:1305,74
DA:1307,18
DA:1310,85
DA:1315,64865
DA:1322,980
DA:1324,867
DA:1325,867
DA:1326,867
DA:1328,110
DA:1333,2000
LF:603
LH:135
end_of_record
TN:
SF:/home/matt/OSU/362/assignment4/CS362-004-U2018/projects/brittma/dominion/rngs.c
FN:51,Random
FN:71,PlantSeeds
FN:101,PutSeed
FN:129,GetSeed
FN:140,SelectStream
FN:153,TestRandom
FNDA:158083126,Random
FNDA:3,PlantSeeds
FNDA:6,PutSeed
FNDA:0,GetSeed
FNDA:6,SelectStream
FNDA:0,TestRandom
FNF:6
FNH:4
DA:51,158083126
DA:58,158083126
DA:59,158083126
DA:62,158083126
DA:63,158083126
DA:64,152047990
DA:66,6035136
DA:67,158083126
DA:71,3
DA:81,3
DA:82,3
DA:86,3
DA:87,3
DA:88,3
DA:89,3
DA:90,3
DA:91,768
DA:92,765
DA:93,765
DA:94,738
DA:96,27
DA:98,3
DA:101,6
DA:111,6
DA:113,6
DA:114,5
DA:115,6
DA:116,1
DA:117,6
DA:118,0
DA:119,0
DA:120,0
DA:121,0
DA:122,0
DA:123,0
DA:125,6
DA:126,6
DA:129,0
DA:136,0
DA:137,0
DA:140,6
DA:147,6
DA:148,6
DA:149,3
DA:150,6
DA:153,0
DA:162,0
DA:164,0
DA:165,0
DA:166,0
DA:167,0
DA:168,0
DA:169,0
DA:172,0
DA:173,0
DA:175,0
DA:176,0
DA:177,0
DA:178,0
DA:179,0
DA:180,0
DA:182,0
DA:183,0
LF:63
LH:36
end_of_record
TN:
SF:/home/matt/OSU/362/assignment4/CS362-004-U2018/projects/brittma/dominion/asserttrue.h
FN:14,asserttrue
FNDA:11076,asserttrue
FNF:1
FNH:1
DA:14,11076
DA:16,11076
DA:19,8135
DA:23,2941
DA:24,2941
LF:5
LH:5
end_of_record
SF:/home/matt/OSU/362/assignment4/CS362-004-U2018/projects/brittma/dominion/randomtestcard2.c
FN:23,countCards
FN:32,checkBaron
FN:200,addBaron
FN:207,randTestBaron
FN:255,main
FNDA:12000,countCards
FNDA:2000,checkBaron
FNDA:2000,addBaron
FNDA:1,randTestBaron
FNDA:1,main
FNF:5
FNH:5
DA:23,12000
DA:25,12000
DA:26,3047141
DA:27,3035141
DA:29,12000
DA:32,2000
DA:34,2000
DA:35,2000
DA:36,2000
DA:37,2000
DA:38,2000
DA:39,2000
DA:40,2000
DA:42,2000
DA:45,2000
DA:47,0
DA:50,2000
DA:51,2000
DA:52,2000
DA:55,2000
DA:57,2000
DA:62,2000
DA:65,1020
DA:68,935
DA:70,0
DA:74,935
DA:76,0
DA:80,935
DA:82,0
DA:89,85
DA:91,0
DA:95,85
DA:97,0
DA:101,85
DA:104,74
DA:106,74
DA:107,74
DA:111,74
DA:113,0
DA:114,0
DA:122,11
DA:124,0
DA:125,0
DA:128,11
DA:130,0
DA:131,0
DA:135,11
DA:137,0
DA:138,0
DA:148,980
DA:150,0
DA:151,0
DA:155,980
DA:157,0
DA:158,0
DA:162,980
DA:165,867
DA:167,867
DA:168,867
DA:172,867
DA:174,0
DA:175,0
DA:183,113
DA:185,0
DA:186,0
DA:190,113
DA:192,0
DA:193,0
DA:197,2000
DA:200,2000
DA:202,2000
DA:203,2000
DA:204,2000
DA:207,1
DA:213,2001
DA:215,2000
DA:218,52602000
DA:220,52600000
DA:224,2000
DA:225,2000
DA:226,2000
DA:227,2000
DA:228,2000
DA:229,2000
DA:230,2000
DA:233,2000
DA:234,2000
DA:236,2000
DA:237,2000
DA:238,9324
DA:239,7324
DA:242,2000
DA:243,13073
DA:244,11073
DA:247,2000
DA:248,2000
DA:250,2000
DA:252,1
DA:255,1
DA:257,1
DA:258,1
DA:260,1
DA:262,1
DA:263,1
LF:104
LH:80
end_of_record
TN:
SF:/home/matt/OSU/362/assignment4/CS362-004-U2018/projects/brittma/dominion/asserttrue.h
FN:14,asserttrue
FNDA:8000,asserttrue
FNF:1
FNH:1
DA:14,8000
DA:16,8000
DA:19,6000
DA:23,2000
DA:24,2000
LF:5
LH:5
end_of_record
SF:/home/matt/OSU/362/assignment4/CS362-004-U2018/projects/brittma/dominion/randomtestcard1.c
FN:23,smithyCount
FN:33,checkSmithy
FN:67,addSmithy
FN:74,randTestSmithy
FN:114,main
FNDA:4000,smithyCount
FNDA:2000,checkSmithy
FNDA:2000,addSmithy
FNDA:1,randTestSmithy
FNDA:1,main
FNF:5
FNH:5
DA:23,4000
DA:25,4000
DA:26,1003300
DA:27,999300
DA:29,4000
DA:33,2000
DA:35,2000
DA:36,2000
DA:37,2000
DA:40,2000
DA:42,0
DA:46,2000
DA:48,2000
DA:52,2000
DA:54,0
DA:58,2000
DA:60,0
DA:64,2000
DA:67,2000
DA:69,2000
DA:70,2000
DA:71,2000
DA:74,1
DA:78,1
DA:85,2001
DA:88,2000
DA:91,52602000
DA:93,52600000
DA:97,2000
DA:98,2000
DA:99,2000
DA:100,2000
DA:101,2000
DA:102,2000
DA:103,2000
DA:105,2000
DA:111,1
DA:114,1
DA:116,1
DA:117,1
DA:119,1
DA:121,1
DA:122,1
LF:43
LH:40
end_of_record
