TN:
SF:/home/matt/OSU/362/assignment4/CS362-004-U2018/projects/brittma/dominion/asserttrue.h
FN:14,asserttrue
FNDA:6000,asserttrue
FNF:1
FNH:1
DA:14,6000
DA:16,6000
DA:19,4687
DA:23,1313
DA:24,1313
LF:5
LH:5
end_of_record
SF:/home/matt/OSU/362/assignment4/CS362-004-U2018/projects/brittma/dominion/randomtestadventurer.c
FN:23,adventurerCount
FN:33,countTreasureCards
FN:43,checkAdventurer
FN:80,addAdventurer
FN:86,randomTreasureCard
FN:97,randTestAdventuer
FN:149,main
FNDA:0,adventurerCount
FNDA:8000,countTreasureCards
FNDA:2000,checkAdventurer
FNDA:2000,addAdventurer
FNDA:12108,randomTreasureCard
FNDA:1,randTestAdventuer
FNDA:1,main
FNF:7
FNH:6
DA:23,0
DA:25,0
DA:26,0
DA:27,0
DA:29,0
DA:33,8000
DA:35,8000
DA:36,2017924
DA:37,2009924
DA:38,18723
DA:39,8000
DA:43,2000
DA:45,2000
DA:47,2000
DA:48,2000
DA:49,2000
DA:51,2000
DA:52,2000
DA:55,2000
DA:57,0
DA:61,2000
DA:62,2000
DA:64,2000
DA:66,657
DA:67,657
DA:71,2000
DA:72,2000
DA:74,656
DA:77,2000
DA:80,2000
DA:82,2000
DA:83,2000
DA:84,2000
DA:86,12108
DA:88,12108
DA:90,4043
DA:91,4081
DA:93,3984
DA:97,1
DA:108,2001
DA:111,2000
DA:114,52602000
DA:116,52600000
DA:120,2000
DA:121,2000
DA:122,2000
DA:123,2000
DA:124,2000
DA:127,2000
DA:128,6053
DA:129,4053
DA:131,2000
DA:132,5995
DA:133,3995
DA:135,2000
DA:136,6060
DA:137,4060
DA:141,2000
DA:142,2000
DA:144,2000
DA:146,1
DA:149,1
DA:151,1
DA:152,1
DA:154,1
DA:156,1
DA:157,1
LF:67
LH:61
end_of_record
TN:
SF:/home/matt/OSU/362/assignment4/CS362-004-U2018/projects/brittma/dominion/dominion.c
FN:9,compare
FN:17,newGame
FN:22,kingdomCards
FN:38,initializeGame
FN:202,shuffle
FN:232,playCard
FN:273,buyCard
FN:312,numHandCards
FN:316,handCard
FN:321,supplyCount
FN:325,fullDeckCount
FN:347,whoseTurn
FN:351,endTurn
FN:391,isGameOver
FN:418,scoreFor
FN:458,getWinners
FN:526,drawCard
FN:584,getCost
FN:647,cardEffect
FN:984,discardCard
FN:1022,gainCard
FN:1059,updateCoins
FN:1093,playSmithy
FN:1110,playAdventurer
FN:1152,playFeast
FN:1209,playTribute
FN:1274,playBaron
FNDA:14287809,compare
FNDA:20000,newGame
FNDA:0,kingdomCards
FNDA:0,initializeGame
FNDA:16232,shuffle
FNDA:0,playCard
FNDA:0,buyCard
FNDA:0,numHandCards
FNDA:0,handCard
FNDA:0,supplyCount
FNDA:18000,fullDeckCount
FNDA:0,whoseTurn
FNDA:0,endTurn
FNDA:0,isGameOver
FNDA:0,scoreFor
FNDA:0,getWinners
FNDA:3568091,drawCard
FNDA:0,getCost
FNDA:0,cardEffect
FNDA:0,discardCard
FNDA:0,gainCard
FNDA:0,updateCoins
FNDA:0,playSmithy
FNDA:20000,playAdventurer
FNDA:0,playFeast
FNDA:0,playTribute
FNDA:0,playBaron
FNF:27
FNH:6
DA:9,14287809
DA:10,14287809
DA:11,7321236
DA:12,6966573
DA:13,6961821
DA:14,4752
DA:17,20000
DA:18,20000
DA:19,20000
DA:22,0
DA:24,0
DA:25,0
DA:26,0
DA:27,0
DA:28,0
DA:29,0
DA:30,0
DA:31,0
DA:32,0
DA:33,0
DA:34,0
DA:35,0
DA:38,0
DA:45,0
DA:46,0
DA:49,0
DA:51,0
DA:55,0
DA:58,0
DA:60,0
DA:62,0
DA:64,0
DA:74,0
DA:76,0
DA:78,0
DA:80,0
DA:84,0
DA:88,0
DA:90,0
DA:91,0
DA:92,0
DA:96,0
DA:97,0
DA:98,0
DA:102,0
DA:103,0
DA:104,0
DA:107,0
DA:109,0
DA:111,0
DA:114,0
DA:116,0
DA:117,0
DA:119,0
DA:123,0
DA:125,0
DA:129,0
DA:139,0
DA:141,0
DA:142,0
DA:144,0
DA:145,0
DA:147,0
DA:149,0
DA:150,0
DA:155,0
DA:157,0
DA:159,0
DA:164,0
DA:167,0
DA:168,0
DA:177,0
DA:179,0
DA:183,0
DA:184,0
DA:185,0
DA:186,0
DA:187,0
DA:188,0
DA:189,0
DA:193,0
DA:194,0
DA:197,0
DA:199,0
DA:202,16232
DA:206,16232
DA:210,16232
DA:211,8130
DA:212,8102
DA:215,2053819
DA:216,2037615
DA:217,2037615
DA:218,2037615
DA:219,172108544
DA:220,170070929
DA:222,2037615
DA:224,2045717
DA:225,2037615
DA:226,2037615
DA:229,8102
DA:232,0
DA:235,0
DA:238,0
DA:240,0
DA:244,0
DA:246,0
DA:250,0
DA:253,0
DA:255,0
DA:259,0
DA:261,0
DA:265,0
DA:268,0
DA:270,0
DA:273,0
DA:281,0
DA:283,0
DA:286,0
DA:287,0
DA:290,0
DA:291,0
DA:294,0
DA:296,0
DA:298,0
DA:300,0
DA:301,0
DA:309,0
DA:312,0
DA:313,0
DA:316,0
DA:317,0
DA:318,0
DA:321,0
DA:322,0
DA:325,18000
DA:327,18000
DA:329,4457946
DA:331,4439946
DA:334,4480920
DA:336,4462920
DA:339,4497471
DA:341,4479471
DA:344,18000
DA:347,0
DA:348,0
DA:351,0
DA:354,0
DA:357,0
DA:358,0
DA:359,0
DA:361,0
DA:364,0
DA:365,0
DA:368,0
DA:371,0
DA:372,0
DA:373,0
DA:374,0
DA:375,0
DA:376,0
DA:377,0
DA:381,0
DA:382,0
DA:386,0
DA:388,0
DA:391,0
DA:396,0
DA:398,0
DA:402,0
DA:403,0
DA:405,0
DA:407,0
DA:410,0
DA:412,0
DA:415,0
DA:418,0
DA:421,0
DA:423,0
DA:425,0
DA:426,0
DA:427,0
DA:428,0
DA:429,0
DA:430,0
DA:434,0
DA:436,0
DA:437,0
DA:438,0
DA:439,0
DA:440,0
DA:441,0
DA:445,0
DA:447,0
DA:448,0
DA:449,0
DA:450,0
DA:451,0
DA:452,0
DA:455,0
DA:458,0
DA:465,0
DA:468,0
DA:470,0
DA:474,0
DA:479,0
DA:480,0
DA:482,0
DA:484,0
DA:487,0
DA:490,0
DA:491,0
DA:493,0
DA:495,0
DA:500,0
DA:501,0
DA:503,0
DA:505,0
DA:508,0
DA:511,0
DA:513,0
DA:515,0
DA:519,0
DA:523,0
DA:526,3568091
DA:529,3568091
DA:534,2045731
DA:535,2037615
DA:536,2037615
DA:539,8116
DA:540,8116
DA:543,8116
DA:549,8116
DA:552,8116
DA:558,8116
DA:560,8116
DA:561,14
DA:563,8102
DA:564,8102
DA:565,8102
DA:569,3559975
DA:575,3559975
DA:576,3559975
DA:577,3559975
DA:578,3559975
DA:581,3568077
DA:584,0
DA:586,0
DA:588,0
DA:589,0
DA:590,0
DA:591,0
DA:592,0
DA:593,0
DA:594,0
DA:595,0
DA:596,0
DA:597,0
DA:598,0
DA:599,0
DA:600,0
DA:601,0
DA:602,0
DA:603,0
DA:604,0
DA:605,0
DA:606,0
DA:607,0
DA:608,0
DA:609,0
DA:610,0
DA:611,0
DA:612,0
DA:613,0
DA:614,0
DA:615,0
DA:616,0
DA:617,0
DA:618,0
DA:619,0
DA:620,0
DA:621,0
DA:622,0
DA:623,0
DA:624,0
DA:625,0
DA:626,0
DA:627,0
DA:628,0
DA:629,0
DA:630,0
DA:631,0
DA:632,0
DA:633,0
DA:634,0
DA:635,0
DA:636,0
DA:637,0
DA:638,0
DA:639,0
DA:640,0
DA:641,0
DA:644,0
DA:647,0
DA:654,0
DA:655,0
DA:661,0
DA:662,0
DA:667,0
DA:669,0
DA:670,0
DA:672,0
DA:674,0
DA:676,0
DA:680,0
DA:683,0
DA:685,0
DA:687,0
DA:692,0
DA:694,0
DA:696,0
DA:697,0
DA:699,0
DA:700,0
DA:702,0
DA:703,0
DA:705,0
DA:707,0
DA:710,0
DA:712,0
DA:715,0
DA:717,0
DA:720,0
DA:723,0
DA:726,0
DA:728,0
DA:730,0
DA:731,0
DA:735,0
DA:737,0
DA:738,0
DA:740,0
DA:742,0
DA:745,0
DA:748,0
DA:751,0
DA:753,0
DA:755,0
DA:756,0
DA:761,0
DA:763,0
DA:764,0
DA:766,0
DA:768,0
DA:771,0
DA:774,0
DA:775,0
DA:777,0
DA:778,0
DA:780,0
DA:781,0
DA:784,0
DA:785,0
DA:787,0
DA:790,0
DA:795,0
DA:796,0
DA:800,0
DA:801,0
DA:803,0
DA:804,0
DA:806,0
DA:807,0
DA:809,0
DA:811,0
DA:814,0
DA:816,0
DA:819,0
DA:821,0
DA:823,0
DA:826,0
DA:828,0
DA:835,0
DA:838,0
DA:840,0
DA:842,0
DA:847,0
DA:850,0
DA:852,0
DA:854,0
DA:856,0
DA:857,0
DA:862,0
DA:864,0
DA:866,0
DA:867,0
DA:869,0
DA:871,0
DA:873,0
DA:875,0
DA:876,0
DA:878,0
DA:880,0
DA:885,0
DA:894,0
DA:896,0
DA:899,0
DA:901,0
DA:904,0
DA:906,0
DA:910,0
DA:913,0
DA:914,0
DA:916,0
DA:918,0
DA:921,0
DA:922,0
DA:924,0
DA:926,0
DA:928,0
DA:931,0
DA:933,0
DA:937,0
DA:938,0
DA:940,0
DA:941,0
DA:942,0
DA:943,0
DA:944,0
DA:945,0
DA:948,0
DA:950,0
DA:952,0
DA:953,0
DA:955,0
DA:957,0
DA:958,0
DA:961,0
DA:964,0
DA:965,0
DA:968,0
DA:970,0
DA:974,0
DA:978,0
DA:981,0
DA:984,0
DA:988,0
DA:991,0
DA:992,0
DA:996,0
DA:999,0
DA:1002,0
DA:1004,0
DA:1007,0
DA:1012,0
DA:1014,0
DA:1016,0
DA:1019,0
DA:1022,0
DA:1027,0
DA:1029,0
DA:1037,0
DA:1039,0
DA:1040,0
DA:1042,0
DA:1044,0
DA:1045,0
DA:1049,0
DA:1050,0
DA:1054,0
DA:1056,0
DA:1059,0
DA:1064,0
DA:1067,0
DA:1069,0
DA:1071,0
DA:1073,0
DA:1075,0
DA:1077,0
DA:1079,0
DA:1084,0
DA:1086,0
DA:1093,0
DA:1097,0
DA:1099,0
DA:1103,0
DA:1105,0
DA:1110,20000
DA:1113,20000
DA:1116,20000
DA:1117,20000
DA:1119,3608091
DA:1122,3576118
DA:1124,3568091
DA:1126,8116
DA:1127,8116
DA:1129,3568091
DA:1131,3568091
DA:1132,3568091
DA:1133,28035
DA:1136,3540056
DA:1137,3540056
DA:1138,3540056
DA:1141,3580056
DA:1144,3540056
DA:1145,3540056
DA:1148,20000
DA:1152,0
DA:1157,0
DA:1158,0
DA:1159,0
DA:1164,0
DA:1165,0
DA:1166,0
DA:1167,0
DA:1175,0
DA:1176,0
DA:1188,0
DA:1189,0
DA:1199,0
DA:1200,0
DA:1201,0
DA:1205,0
DA:1209,0
DA:1211,0
DA:1213,0
DA:1214,0
DA:1215,0
DA:1216,0
DA:1218,0
DA:1219,0
DA:1220,0
DA:1231,0
DA:1232,0
DA:1233,0
DA:1234,0
DA:1235,0
DA:1236,0
DA:1239,0
DA:1241,0
DA:1242,0
DA:1243,0
DA:1244,0
DA:1245,0
DA:1246,0
DA:1249,0
DA:1250,0
DA:1251,0
DA:1252,0
DA:1255,0
DA:1256,0
DA:1257,0
DA:1260,0
DA:1262,0
DA:1263,0
DA:1266,0
DA:1270,0
DA:1274,0
DA:1276,0
DA:1277,0
DA:1278,0
DA:1279,0
DA:1280,0
DA:1281,0
DA:1282,0
DA:1283,0
DA:1284,0
DA:1285,0
DA:1286,0
DA:1288,0
DA:1289,0
DA:1290,0
DA:1292,0
DA:1297,0
DA:1298,0
DA:1299,0
DA:1300,0
DA:1301,0
DA:1304,0
DA:1308,0
DA:1314,0
DA:1315,0
DA:1316,0
DA:1317,0
DA:1318,0
DA:1324,0
LF:585
LH:76
end_of_record
TN:
SF:/home/matt/OSU/362/assignment4/CS362-004-U2018/projects/brittma/dominion/rngs.c
FN:51,Random
FN:71,PlantSeeds
FN:101,PutSeed
FN:129,GetSeed
FN:140,SelectStream
FN:153,TestRandom
FNDA:1746758680,Random
FNDA:33,PlantSeeds
FNDA:66,PutSeed
FNDA:0,GetSeed
FNDA:66,SelectStream
FNDA:0,TestRandom
FNF:6
FNH:4
DA:51,1746758680
DA:58,1746758680
DA:59,1746758680
DA:62,1746758680
DA:63,1746758680
DA:64,1680032541
DA:66,66726139
DA:67,1746758680
DA:71,33
DA:81,33
DA:82,33
DA:86,33
DA:87,33
DA:88,33
DA:89,33
DA:90,33
DA:91,8448
DA:92,8415
DA:93,8415
DA:94,8118
DA:96,297
DA:98,33
DA:101,66
DA:111,66
DA:113,66
DA:114,40
DA:115,66
DA:116,26
DA:117,66
DA:118,0
DA:119,0
DA:120,0
DA:121,0
DA:122,0
DA:123,0
DA:125,66
DA:126,66
DA:129,0
DA:136,0
DA:137,0
DA:140,66
DA:147,66
DA:148,66
DA:149,33
DA:150,66
DA:153,0
DA:162,0
DA:164,0
DA:165,0
DA:166,0
DA:167,0
DA:168,0
DA:169,0
DA:172,0
DA:173,0
DA:175,0
DA:176,0
DA:177,0
DA:178,0
DA:179,0
DA:180,0
DA:182,0
DA:183,0
LF:63
LH:36
end_of_record
