TN:
SF:/home/matt/OSU/362/assignment4/CS362-004-U2018/projects/brittma/dominion/asserttrue.h
FN:14,asserttrue
FNDA:10000,asserttrue
FNF:1
FNH:1
DA:14,10000
DA:16,10000
DA:19,6386
DA:23,3614
DA:24,3614
LF:5
LH:5
end_of_record
SF:/home/matt/OSU/362/assignment4/CS362-004-U2018/projects/brittma/dominion/randomtestadventurer.c
FN:22,adventurerCount
FN:32,countTreasureCards
FN:42,checkAdventurer
FN:102,addAdventurer
FN:108,randomTreasureCard
FN:119,randTestAdventuer
FN:171,main
FNDA:0,adventurerCount
FNDA:12000,countTreasureCards
FNDA:2000,checkAdventurer
FNDA:2000,addAdventurer
FNDA:11902,randomTreasureCard
FNDA:1,randTestAdventuer
FNDA:1,main
FNF:7
FNH:6
DA:22,0
DA:24,0
DA:25,0
DA:26,0
DA:28,0
DA:32,12000
DA:34,12000
DA:35,3015428
DA:36,3003428
DA:37,30515
DA:38,12000
DA:42,2000
DA:44,2000
DA:45,2000
DA:46,2000
DA:48,2000
DA:49,2000
DA:50,2000
DA:52,2000
DA:56,2000
DA:58,0
DA:62,2000
DA:63,2000
DA:65,2000
DA:67,626
DA:68,626
DA:72,2000
DA:73,2000
DA:75,625
DA:80,2000
DA:81,2000
DA:83,2000
DA:85,626
DA:90,2000
DA:91,2000
DA:92,2000
DA:94,2000
DA:96,1737
DA:99,2000
DA:102,2000
DA:104,2000
DA:105,2000
DA:106,2000
DA:108,11902
DA:110,11902
DA:112,4013
DA:113,3985
DA:115,3904
DA:119,1
DA:130,2001
DA:133,2000
DA:136,52602000
DA:138,52600000
DA:142,2000
DA:143,2000
DA:144,2000
DA:145,2000
DA:146,2000
DA:149,2000
DA:150,6090
DA:151,4090
DA:153,2000
DA:154,5970
DA:155,3970
DA:157,2000
DA:158,5842
DA:159,3842
DA:163,2000
DA:164,2000
DA:166,2000
DA:168,1
DA:171,1
DA:173,1
DA:174,1
DA:176,1
DA:178,1
DA:179,1
LF:77
LH:71
end_of_record
TN:
SF:/home/matt/OSU/362/assignment4/CS362-004-U2018/projects/brittma/dominion/dominion.c
FN:9,compare
FN:17,newGame
FN:22,kingdomCards
FN:38,initializeGame
FN:202,shuffle
FN:232,playCard
FN:273,buyCard
FN:312,numHandCards
FN:316,handCard
FN:321,supplyCount
FN:325,fullDeckCount
FN:347,whoseTurn
FN:351,endTurn
FN:391,isGameOver
FN:418,scoreFor
FN:458,getWinners
FN:526,drawCard
FN:584,getCost
FN:647,cardEffect
FN:984,discardCard
FN:1022,gainCard
FN:1059,updateCoins
FN:1093,playSmithy
FN:1110,playAdventurer
FN:1150,playFeast
FN:1207,playTribute
FN:1272,playBaron
FNDA:1438469,compare
FNDA:4000,newGame
FNDA:0,kingdomCards
FNDA:0,initializeGame
FNDA:1656,shuffle
FNDA:0,playCard
FNDA:0,buyCard
FNDA:0,numHandCards
FNDA:0,handCard
FNDA:0,supplyCount
FNDA:0,fullDeckCount
FNDA:0,whoseTurn
FNDA:0,endTurn
FNDA:0,isGameOver
FNDA:0,scoreFor
FNDA:0,getWinners
FNDA:376271,drawCard
FNDA:0,getCost
FNDA:0,cardEffect
FNDA:2000,discardCard
FNDA:0,gainCard
FNDA:0,updateCoins
FNDA:2000,playSmithy
FNDA:2000,playAdventurer
FNDA:0,playFeast
FNDA:0,playTribute
FNDA:0,playBaron
FNF:27
FNH:7
DA:9,1438469
DA:10,1438469
DA:11,737182
DA:12,701287
DA:13,700773
DA:14,514
DA:17,4000
DA:18,4000
DA:19,4000
DA:22,0
DA:24,0
DA:25,0
DA:26,0
DA:27,0
DA:28,0
DA:29,0
DA:30,0
DA:31,0
DA:32,0
DA:33,0
DA:34,0
DA:35,0
DA:38,0
DA:45,0
DA:46,0
DA:49,0
DA:51,0
DA:55,0
DA:58,0
DA:60,0
DA:62,0
DA:64,0
DA:74,0
DA:76,0
DA:78,0
DA:80,0
DA:84,0
DA:88,0
DA:90,0
DA:91,0
DA:92,0
DA:96,0
DA:97,0
DA:98,0
DA:102,0
DA:103,0
DA:104,0
DA:107,0
DA:109,0
DA:111,0
DA:114,0
DA:116,0
DA:117,0
DA:119,0
DA:123,0
DA:125,0
DA:129,0
DA:139,0
DA:141,0
DA:142,0
DA:144,0
DA:145,0
DA:147,0
DA:149,0
DA:150,0
DA:155,0
DA:157,0
DA:159,0
DA:164,0
DA:167,0
DA:168,0
DA:177,0
DA:179,0
DA:183,0
DA:184,0
DA:185,0
DA:186,0
DA:187,0
DA:188,0
DA:189,0
DA:193,0
DA:194,0
DA:197,0
DA:199,0
DA:202,1656
DA:206,1656
DA:210,1656
DA:211,822
DA:212,834
DA:215,207810
DA:216,206142
DA:217,206142
DA:218,206142
DA:219,17028391
DA:220,16822249
DA:222,206142
DA:224,206976
DA:225,206142
DA:226,206142
DA:229,834
DA:232,0
DA:235,0
DA:238,0
DA:240,0
DA:244,0
DA:246,0
DA:250,0
DA:253,0
DA:255,0
DA:259,0
DA:261,0
DA:265,0
DA:268,0
DA:270,0
DA:273,0
DA:281,0
DA:283,0
DA:286,0
DA:287,0
DA:290,0
DA:291,0
DA:294,0
DA:296,0
DA:298,0
DA:300,0
DA:301,0
DA:309,0
DA:312,0
DA:313,0
DA:316,0
DA:317,0
DA:318,0
DA:321,0
DA:322,0
DA:325,0
DA:327,0
DA:329,0
DA:331,0
DA:334,0
DA:336,0
DA:339,0
DA:341,0
DA:344,0
DA:347,0
DA:348,0
DA:351,0
DA:354,0
DA:357,0
DA:358,0
DA:359,0
DA:361,0
DA:364,0
DA:365,0
DA:368,0
DA:371,0
DA:372,0
DA:373,0
DA:374,0
DA:375,0
DA:376,0
DA:377,0
DA:381,0
DA:382,0
DA:386,0
DA:388,0
DA:391,0
DA:396,0
DA:398,0
DA:402,0
DA:403,0
DA:405,0
DA:407,0
DA:410,0
DA:412,0
DA:415,0
DA:418,0
DA:421,0
DA:423,0
DA:425,0
DA:426,0
DA:427,0
DA:428,0
DA:429,0
DA:430,0
DA:434,0
DA:436,0
DA:437,0
DA:438,0
DA:439,0
DA:440,0
DA:441,0
DA:445,0
DA:447,0
DA:448,0
DA:449,0
DA:450,0
DA:451,0
DA:452,0
DA:455,0
DA:458,0
DA:465,0
DA:468,0
DA:470,0
DA:474,0
DA:479,0
DA:480,0
DA:482,0
DA:484,0
DA:487,0
DA:490,0
DA:491,0
DA:493,0
DA:495,0
DA:500,0
DA:501,0
DA:503,0
DA:505,0
DA:508,0
DA:511,0
DA:513,0
DA:515,0
DA:519,0
DA:523,0
DA:526,376271
DA:529,376271
DA:534,206977
DA:535,206142
DA:536,206142
DA:539,835
DA:540,835
DA:543,835
DA:549,835
DA:552,835
DA:558,835
DA:560,835
DA:561,1
DA:563,834
DA:564,834
DA:565,834
DA:569,375436
DA:575,375436
DA:576,375436
DA:577,375436
DA:578,375436
DA:581,376270
DA:584,0
DA:586,0
DA:588,0
DA:589,0
DA:590,0
DA:591,0
DA:592,0
DA:593,0
DA:594,0
DA:595,0
DA:596,0
DA:597,0
DA:598,0
DA:599,0
DA:600,0
DA:601,0
DA:602,0
DA:603,0
DA:604,0
DA:605,0
DA:606,0
DA:607,0
DA:608,0
DA:609,0
DA:610,0
DA:611,0
DA:612,0
DA:613,0
DA:614,0
DA:615,0
DA:616,0
DA:617,0
DA:618,0
DA:619,0
DA:620,0
DA:621,0
DA:622,0
DA:623,0
DA:624,0
DA:625,0
DA:626,0
DA:627,0
DA:628,0
DA:629,0
DA:630,0
DA:631,0
DA:632,0
DA:633,0
DA:634,0
DA:635,0
DA:636,0
DA:637,0
DA:638,0
DA:639,0
DA:640,0
DA:641,0
DA:644,0
DA:647,0
DA:654,0
DA:655,0
DA:661,0
DA:662,0
DA:667,0
DA:669,0
DA:670,0
DA:672,0
DA:674,0
DA:676,0
DA:680,0
DA:683,0
DA:685,0
DA:687,0
DA:692,0
DA:694,0
DA:696,0
DA:697,0
DA:699,0
DA:700,0
DA:702,0
DA:703,0
DA:705,0
DA:707,0
DA:710,0
DA:712,0
DA:715,0
DA:717,0
DA:720,0
DA:723,0
DA:726,0
DA:728,0
DA:730,0
DA:731,0
DA:735,0
DA:737,0
DA:738,0
DA:740,0
DA:742,0
DA:745,0
DA:748,0
DA:751,0
DA:753,0
DA:755,0
DA:756,0
DA:761,0
DA:763,0
DA:764,0
DA:766,0
DA:768,0
DA:771,0
DA:774,0
DA:775,0
DA:777,0
DA:778,0
DA:780,0
DA:781,0
DA:784,0
DA:785,0
DA:787,0
DA:790,0
DA:795,0
DA:796,0
DA:800,0
DA:801,0
DA:803,0
DA:804,0
DA:806,0
DA:807,0
DA:809,0
DA:811,0
DA:814,0
DA:816,0
DA:819,0
DA:821,0
DA:823,0
DA:826,0
DA:828,0
DA:835,0
DA:838,0
DA:840,0
DA:842,0
DA:847,0
DA:850,0
DA:852,0
DA:854,0
DA:856,0
DA:857,0
DA:862,0
DA:864,0
DA:866,0
DA:867,0
DA:869,0
DA:871,0
DA:873,0
DA:875,0
DA:876,0
DA:878,0
DA:880,0
DA:885,0
DA:894,0
DA:896,0
DA:899,0
DA:901,0
DA:904,0
DA:906,0
DA:910,0
DA:913,0
DA:914,0
DA:916,0
DA:918,0
DA:921,0
DA:922,0
DA:924,0
DA:926,0
DA:928,0
DA:931,0
DA:933,0
DA:937,0
DA:938,0
DA:940,0
DA:941,0
DA:942,0
DA:943,0
DA:944,0
DA:945,0
DA:948,0
DA:950,0
DA:952,0
DA:953,0
DA:955,0
DA:957,0
DA:958,0
DA:961,0
DA:964,0
DA:965,0
DA:968,0
DA:970,0
DA:974,0
DA:978,0
DA:981,0
DA:984,2000
DA:988,2000
DA:991,2000
DA:992,2000
DA:996,2000
DA:999,2000
DA:1002,0
DA:1004,2000
DA:1007,0
DA:1012,2000
DA:1014,2000
DA:1016,2000
DA:1019,2000
DA:1022,0
DA:1027,0
DA:1029,0
DA:1037,0
DA:1039,0
DA:1040,0
DA:1042,0
DA:1044,0
DA:1045,0
DA:1049,0
DA:1050,0
DA:1054,0
DA:1056,0
DA:1059,0
DA:1064,0
DA:1067,0
DA:1069,0
DA:1071,0
DA:1073,0
DA:1075,0
DA:1077,0
DA:1079,0
DA:1084,0
DA:1086,0
DA:1093,2000
DA:1097,10000
DA:1099,8000
DA:1103,2000
DA:1105,2000
DA:1110,2000
DA:1113,2000
DA:1116,2000
DA:1117,2000
DA:1119,372271
DA:1122,369085
DA:1124,368271
DA:1126,821
DA:1127,821
DA:1129,368271
DA:1130,368271
DA:1131,368271
DA:1132,2787
DA:1135,365484
DA:1136,365484
DA:1137,365484
DA:1140,369484
DA:1142,365484
DA:1143,365484
DA:1146,2000
DA:1150,0
DA:1155,0
DA:1156,0
DA:1157,0
DA:1162,0
DA:1163,0
DA:1164,0
DA:1165,0
DA:1173,0
DA:1174,0
DA:1186,0
DA:1187,0
DA:1197,0
DA:1198,0
DA:1199,0
DA:1203,0
DA:1207,0
DA:1209,0
DA:1211,0
DA:1212,0
DA:1213,0
DA:1214,0
DA:1216,0
DA:1217,0
DA:1218,0
DA:1229,0
DA:1230,0
DA:1231,0
DA:1232,0
DA:1233,0
DA:1234,0
DA:1237,0
DA:1239,0
DA:1240,0
DA:1241,0
DA:1242,0
DA:1243,0
DA:1244,0
DA:1247,0
DA:1248,0
DA:1249,0
DA:1250,0
DA:1253,0
DA:1254,0
DA:1255,0
DA:1258,0
DA:1260,0
DA:1261,0
DA:1264,0
DA:1268,0
DA:1272,0
DA:1274,0
DA:1275,0
DA:1276,0
DA:1277,0
DA:1278,0
DA:1279,0
DA:1280,0
DA:1281,0
DA:1282,0
DA:1283,0
DA:1284,0
DA:1286,0
DA:1287,0
DA:1288,0
DA:1290,0
DA:1295,0
DA:1296,0
DA:1297,0
DA:1298,0
DA:1299,0
DA:1302,0
DA:1306,0
DA:1312,0
DA:1313,0
DA:1314,0
DA:1315,0
DA:1316,0
DA:1322,0
LF:585
LH:83
end_of_record
TN:
SF:/home/matt/OSU/362/assignment4/CS362-004-U2018/projects/brittma/dominion/rngs.c
FN:51,Random
FN:71,PlantSeeds
FN:101,PutSeed
FN:129,GetSeed
FN:140,SelectStream
FN:153,TestRandom
FNDA:105455946,Random
FNDA:2,PlantSeeds
FNDA:4,PutSeed
FNDA:0,GetSeed
FNDA:4,SelectStream
FNDA:0,TestRandom
FNF:6
FNH:4
DA:51,105455946
DA:58,105455946
DA:59,105455946
DA:62,105455946
DA:63,105455946
DA:64,101429260
DA:66,4026686
DA:67,105455946
DA:71,2
DA:81,2
DA:82,2
DA:86,2
DA:87,2
DA:88,2
DA:89,2
DA:90,2
DA:91,512
DA:92,510
DA:93,510
DA:94,492
DA:96,18
DA:98,2
DA:101,4
DA:111,4
DA:113,4
DA:114,3
DA:115,4
DA:116,1
DA:117,4
DA:118,0
DA:119,0
DA:120,0
DA:121,0
DA:122,0
DA:123,0
DA:125,4
DA:126,4
DA:129,0
DA:136,0
DA:137,0
DA:140,4
DA:147,4
DA:148,4
DA:149,2
DA:150,4
DA:153,0
DA:162,0
DA:164,0
DA:165,0
DA:166,0
DA:167,0
DA:168,0
DA:169,0
DA:172,0
DA:173,0
DA:175,0
DA:176,0
DA:177,0
DA:178,0
DA:179,0
DA:180,0
DA:182,0
DA:183,0
LF:63
LH:36
end_of_record
TN:
SF:/home/matt/OSU/362/assignment4/CS362-004-U2018/projects/brittma/dominion/asserttrue.h
FN:14,asserttrue
FNDA:8000,asserttrue
FNF:1
FNH:1
DA:14,8000
DA:16,8000
DA:19,6000
DA:23,2000
DA:24,2000
LF:5
LH:5
end_of_record
SF:/home/matt/OSU/362/assignment4/CS362-004-U2018/projects/brittma/dominion/randomtestcard1.c
FN:21,smithyCount
FN:31,checkSmithy
FN:65,addSmithy
FN:72,randTestSmithy
FN:112,main
FNDA:4000,smithyCount
FNDA:2000,checkSmithy
FNDA:2000,addSmithy
FNDA:1,randTestSmithy
FNDA:1,main
FNF:5
FNH:5
DA:21,4000
DA:23,4000
DA:24,1003300
DA:25,999300
DA:27,4000
DA:31,2000
DA:33,2000
DA:34,2000
DA:35,2000
DA:38,2000
DA:40,0
DA:44,2000
DA:46,2000
DA:50,2000
DA:52,0
DA:56,2000
DA:58,0
DA:62,2000
DA:65,2000
DA:67,2000
DA:68,2000
DA:69,2000
DA:72,1
DA:76,1
DA:83,2001
DA:86,2000
DA:89,52602000
DA:91,52600000
DA:95,2000
DA:96,2000
DA:97,2000
DA:98,2000
DA:99,2000
DA:100,2000
DA:101,2000
DA:103,2000
DA:109,1
DA:112,1
DA:114,1
DA:115,1
DA:117,1
DA:119,1
DA:120,1
LF:43
LH:40
end_of_record
