TN:
SF:/home/matt/OSU/362/assignment4/CS362-004-U2018/projects/brittma/dominion/dominion.c
FN:14,compare
FN:22,newGame
FN:27,kingdomCards
FN:43,initializeGame
FN:207,shuffle
FN:237,playCard
FN:278,buyCard
FN:317,numHandCards
FN:321,handCard
FN:326,supplyCount
FN:330,fullDeckCount
FN:352,whoseTurn
FN:356,endTurn
FN:396,isGameOver
FN:423,scoreFor
FN:463,getWinners
FN:531,drawCard
FN:589,getCost
FN:652,cardEffect
FN:989,discardCard
FN:1027,gainCard
FN:1064,updateCoins
FN:1098,playSmithy
FN:1114,playAdventurer
FN:1139,playFeast
FN:1196,playTribute
FN:1261,playBaron
FNDA:27360,compare
FNDA:2000,newGame
FNDA:0,kingdomCards
FNDA:0,initializeGame
FNDA:14,shuffle
FNDA:0,playCard
FNDA:0,buyCard
FNDA:0,numHandCards
FNDA:0,handCard
FNDA:0,supplyCount
FNDA:0,fullDeckCount
FNDA:0,whoseTurn
FNDA:0,endTurn
FNDA:0,isGameOver
FNDA:0,scoreFor
FNDA:0,getWinners
FNDA:8000,drawCard
FNDA:0,getCost
FNDA:0,cardEffect
FNDA:2000,discardCard
FNDA:0,gainCard
FNDA:0,updateCoins
FNDA:2000,playSmithy
FNDA:0,playAdventurer
FNDA:0,playFeast
FNDA:0,playTribute
FNDA:0,playBaron
FNF:27
FNH:6
DA:14,27360
DA:15,27360
DA:16,14066
DA:17,13294
DA:18,13294
DA:19,0
DA:22,2000
DA:23,2000
DA:24,2000
DA:27,0
DA:29,0
DA:30,0
DA:31,0
DA:32,0
DA:33,0
DA:34,0
DA:35,0
DA:36,0
DA:37,0
DA:38,0
DA:39,0
DA:40,0
DA:43,0
DA:50,0
DA:51,0
DA:54,0
DA:56,0
DA:60,0
DA:63,0
DA:65,0
DA:67,0
DA:69,0
DA:79,0
DA:81,0
DA:83,0
DA:85,0
DA:89,0
DA:93,0
DA:95,0
DA:96,0
DA:97,0
DA:101,0
DA:102,0
DA:103,0
DA:107,0
DA:108,0
DA:109,0
DA:112,0
DA:114,0
DA:116,0
DA:119,0
DA:121,0
DA:122,0
DA:124,0
DA:128,0
DA:130,0
DA:134,0
DA:144,0
DA:146,0
DA:147,0
DA:149,0
DA:150,0
DA:152,0
DA:154,0
DA:155,0
DA:160,0
DA:162,0
DA:164,0
DA:169,0
DA:172,0
DA:173,0
DA:182,0
DA:184,0
DA:188,0
DA:189,0
DA:190,0
DA:191,0
DA:192,0
DA:193,0
DA:194,0
DA:198,0
DA:199,0
DA:202,0
DA:204,0
DA:207,14
DA:211,14
DA:215,14
DA:216,0
DA:217,14
DA:220,3901
DA:221,3873
DA:222,3873
DA:223,3873
DA:224,326072
DA:225,322199
DA:227,3873
DA:229,3887
DA:230,3873
DA:231,3873
DA:234,14
DA:237,0
DA:240,0
DA:243,0
DA:245,0
DA:249,0
DA:251,0
DA:255,0
DA:258,0
DA:260,0
DA:264,0
DA:266,0
DA:270,0
DA:273,0
DA:275,0
DA:278,0
DA:286,0
DA:288,0
DA:291,0
DA:292,0
DA:295,0
DA:296,0
DA:299,0
DA:301,0
DA:303,0
DA:305,0
DA:306,0
DA:314,0
DA:317,0
DA:318,0
DA:321,0
DA:322,0
DA:323,0
DA:326,0
DA:327,0
DA:330,0
DA:332,0
DA:334,0
DA:336,0
DA:339,0
DA:341,0
DA:344,0
DA:346,0
DA:349,0
DA:352,0
DA:353,0
DA:356,0
DA:359,0
DA:362,0
DA:363,0
DA:364,0
DA:366,0
DA:369,0
DA:370,0
DA:373,0
DA:376,0
DA:377,0
DA:378,0
DA:379,0
DA:380,0
DA:381,0
DA:382,0
DA:386,0
DA:387,0
DA:391,0
DA:393,0
DA:396,0
DA:401,0
DA:403,0
DA:407,0
DA:408,0
DA:410,0
DA:412,0
DA:415,0
DA:417,0
DA:420,0
DA:423,0
DA:426,0
DA:428,0
DA:430,0
DA:431,0
DA:432,0
DA:433,0
DA:434,0
DA:435,0
DA:439,0
DA:441,0
DA:442,0
DA:443,0
DA:444,0
DA:445,0
DA:446,0
DA:450,0
DA:452,0
DA:453,0
DA:454,0
DA:455,0
DA:456,0
DA:457,0
DA:460,0
DA:463,0
DA:470,0
DA:473,0
DA:475,0
DA:479,0
DA:484,0
DA:485,0
DA:487,0
DA:489,0
DA:492,0
DA:495,0
DA:496,0
DA:498,0
DA:500,0
DA:505,0
DA:506,0
DA:508,0
DA:510,0
DA:513,0
DA:516,0
DA:518,0
DA:520,0
DA:524,0
DA:528,0
DA:531,8000
DA:534,8000
DA:539,3887
DA:540,3873
DA:541,3873
DA:544,14
DA:545,14
DA:548,14
DA:554,14
DA:557,14
DA:563,14
DA:565,14
DA:566,0
DA:568,14
DA:569,14
DA:570,14
DA:574,7986
DA:580,7986
DA:581,7986
DA:582,7986
DA:583,7986
DA:586,8000
DA:589,0
DA:591,0
DA:593,0
DA:594,0
DA:595,0
DA:596,0
DA:597,0
DA:598,0
DA:599,0
DA:600,0
DA:601,0
DA:602,0
DA:603,0
DA:604,0
DA:605,0
DA:606,0
DA:607,0
DA:608,0
DA:609,0
DA:610,0
DA:611,0
DA:612,0
DA:613,0
DA:614,0
DA:615,0
DA:616,0
DA:617,0
DA:618,0
DA:619,0
DA:620,0
DA:621,0
DA:622,0
DA:623,0
DA:624,0
DA:625,0
DA:626,0
DA:627,0
DA:628,0
DA:629,0
DA:630,0
DA:631,0
DA:632,0
DA:633,0
DA:634,0
DA:635,0
DA:636,0
DA:637,0
DA:638,0
DA:639,0
DA:640,0
DA:641,0
DA:642,0
DA:643,0
DA:644,0
DA:645,0
DA:646,0
DA:649,0
DA:652,0
DA:659,0
DA:660,0
DA:663,0
DA:664,0
DA:665,0
DA:666,0
DA:667,0
DA:672,0
DA:674,0
DA:675,0
DA:677,0
DA:679,0
DA:681,0
DA:685,0
DA:688,0
DA:690,0
DA:692,0
DA:697,0
DA:699,0
DA:701,0
DA:702,0
DA:704,0
DA:705,0
DA:707,0
DA:708,0
DA:710,0
DA:712,0
DA:715,0
DA:717,0
DA:720,0
DA:722,0
DA:725,0
DA:728,0
DA:731,0
DA:733,0
DA:735,0
DA:736,0
DA:740,0
DA:742,0
DA:743,0
DA:745,0
DA:747,0
DA:750,0
DA:753,0
DA:756,0
DA:758,0
DA:760,0
DA:761,0
DA:766,0
DA:768,0
DA:769,0
DA:771,0
DA:773,0
DA:776,0
DA:779,0
DA:780,0
DA:782,0
DA:783,0
DA:785,0
DA:786,0
DA:789,0
DA:790,0
DA:792,0
DA:795,0
DA:800,0
DA:801,0
DA:805,0
DA:806,0
DA:808,0
DA:809,0
DA:811,0
DA:812,0
DA:814,0
DA:816,0
DA:819,0
DA:821,0
DA:824,0
DA:826,0
DA:828,0
DA:831,0
DA:833,0
DA:840,0
DA:843,0
DA:845,0
DA:847,0
DA:852,0
DA:855,0
DA:857,0
DA:859,0
DA:861,0
DA:862,0
DA:867,0
DA:869,0
DA:871,0
DA:872,0
DA:874,0
DA:876,0
DA:878,0
DA:880,0
DA:881,0
DA:883,0
DA:885,0
DA:890,0
DA:899,0
DA:901,0
DA:904,0
DA:906,0
DA:909,0
DA:911,0
DA:915,0
DA:918,0
DA:919,0
DA:921,0
DA:923,0
DA:926,0
DA:927,0
DA:929,0
DA:931,0
DA:933,0
DA:936,0
DA:938,0
DA:942,0
DA:943,0
DA:945,0
DA:946,0
DA:947,0
DA:948,0
DA:949,0
DA:950,0
DA:953,0
DA:955,0
DA:957,0
DA:958,0
DA:960,0
DA:962,0
DA:963,0
DA:966,0
DA:969,0
DA:970,0
DA:973,0
DA:975,0
DA:979,0
DA:983,0
DA:986,0
DA:989,2000
DA:993,2000
DA:996,2000
DA:997,2000
DA:1001,2000
DA:1004,2000
DA:1007,0
DA:1009,2000
DA:1012,0
DA:1017,2000
DA:1019,2000
DA:1021,2000
DA:1024,2000
DA:1027,0
DA:1032,0
DA:1034,0
DA:1042,0
DA:1044,0
DA:1045,0
DA:1047,0
DA:1049,0
DA:1050,0
DA:1054,0
DA:1055,0
DA:1059,0
DA:1061,0
DA:1064,0
DA:1069,0
DA:1072,0
DA:1074,0
DA:1076,0
DA:1078,0
DA:1080,0
DA:1082,0
DA:1084,0
DA:1089,0
DA:1091,0
DA:1098,2000
DA:1102,10000
DA:1104,8000
DA:1108,2000
DA:1110,2000
DA:1114,0
DA:1116,0
DA:1117,0
DA:1118,0
DA:1120,0
DA:1121,0
DA:1122,0
DA:1123,0
DA:1125,0
DA:1126,0
DA:1127,0
DA:1130,0
DA:1131,0
DA:1132,0
DA:1135,0
DA:1139,0
DA:1144,0
DA:1145,0
DA:1146,0
DA:1151,0
DA:1152,0
DA:1153,0
DA:1154,0
DA:1162,0
DA:1163,0
DA:1175,0
DA:1176,0
DA:1186,0
DA:1187,0
DA:1188,0
DA:1192,0
DA:1196,0
DA:1198,0
DA:1200,0
DA:1201,0
DA:1202,0
DA:1203,0
DA:1205,0
DA:1206,0
DA:1207,0
DA:1218,0
DA:1219,0
DA:1220,0
DA:1221,0
DA:1222,0
DA:1223,0
DA:1226,0
DA:1228,0
DA:1229,0
DA:1230,0
DA:1231,0
DA:1232,0
DA:1233,0
DA:1236,0
DA:1237,0
DA:1238,0
DA:1239,0
DA:1242,0
DA:1243,0
DA:1244,0
DA:1247,0
DA:1249,0
DA:1250,0
DA:1253,0
DA:1257,0
DA:1261,0
DA:1263,0
DA:1264,0
DA:1265,0
DA:1266,0
DA:1267,0
DA:1268,0
DA:1269,0
DA:1270,0
DA:1271,0
DA:1272,0
DA:1273,0
DA:1275,0
DA:1276,0
DA:1277,0
DA:1279,0
DA:1284,0
DA:1285,0
DA:1286,0
DA:1287,0
DA:1288,0
DA:1291,0
DA:1295,0
DA:1301,0
DA:1302,0
DA:1303,0
DA:1304,0
DA:1305,0
DA:1311,0
LF:583
LH:60
end_of_record
TN:
SF:/home/matt/OSU/362/assignment4/CS362-004-U2018/projects/brittma/dominion/playdom.c
FN:6,main
FNDA:10,main
FNF:1
FNH:1
DA:6,10
DA:8,10
DA:11,10
DA:13,10
DA:15,10
DA:16,10
DA:17,10
DA:18,10
DA:20,10
DA:21,10
DA:23,373
DA:24,353
DA:25,353
DA:26,353
DA:27,2118
DA:28,1765
DA:29,824
DA:30,941
DA:31,349
DA:32,592
DA:33,107
DA:34,485
DA:35,21
DA:36,464
DA:37,45
DA:40,353
DA:41,178
DA:42,20
DA:43,20
DA:44,20
DA:45,20
DA:46,20
DA:47,200
DA:48,160
DA:49,87
DA:50,87
DA:52,73
DA:53,27
DA:54,27
DA:56,46
DA:57,6
DA:58,6
DA:60,160
DA:64,178
DA:65,40
DA:66,40
DA:68,138
DA:69,53
DA:70,53
DA:72,85
DA:73,20
DA:74,20
DA:75,20
DA:77,65
DA:78,57
DA:79,57
DA:82,178
DA:83,178
DA:86,175
DA:87,42
DA:88,42
DA:89,42
DA:90,42
DA:91,378
DA:92,294
DA:93,110
DA:94,110
DA:96,184
DA:97,92
DA:98,92
DA:100,92
DA:101,19
DA:102,19
DA:104,294
DA:108,175
DA:109,40
DA:110,40
DA:112,135
DA:113,20
DA:114,20
DA:115,20
DA:116,115
DA:117,31
DA:118,31
DA:120,84
DA:121,81
DA:122,81
DA:124,175
DA:126,175
DA:130,10
DA:131,10
DA:133,10
LF:92
LH:92
end_of_record
TN:
SF:/home/matt/OSU/362/assignment4/CS362-004-U2018/projects/brittma/dominion/rngs.c
FN:51,Random
FN:71,PlantSeeds
FN:101,PutSeed
FN:129,GetSeed
FN:140,SelectStream
FN:153,TestRandom
FNDA:17520,Random
FNDA:79,PlantSeeds
FNDA:158,PutSeed
FNDA:0,GetSeed
FNDA:158,SelectStream
FNDA:0,TestRandom
FNF:6
FNH:4
DA:51,17520
DA:58,17520
DA:59,17520
DA:62,17520
DA:63,17520
DA:64,16757
DA:66,763
DA:67,17520
DA:71,79
DA:81,79
DA:82,79
DA:86,79
DA:87,79
DA:88,79
DA:89,79
DA:90,79
DA:91,20224
DA:92,20145
DA:93,20145
DA:94,19434
DA:96,711
DA:98,79
DA:101,158
DA:111,158
DA:113,158
DA:114,158
DA:115,158
DA:116,0
DA:117,158
DA:118,0
DA:119,0
DA:120,0
DA:121,0
DA:122,0
DA:123,0
DA:125,158
DA:126,158
DA:129,0
DA:136,0
DA:137,0
DA:140,158
DA:147,158
DA:148,158
DA:149,79
DA:150,158
DA:153,0
DA:162,0
DA:164,0
DA:165,0
DA:166,0
DA:167,0
DA:168,0
DA:169,0
DA:172,0
DA:173,0
DA:175,0
DA:176,0
DA:177,0
DA:178,0
DA:179,0
DA:180,0
DA:182,0
DA:183,0
LF:63
LH:35
end_of_record
TN:
SF:/home/matt/OSU/362/assignment4/CS362-004-U2018/projects/brittma/dominion/asserttrue.h
FN:14,asserttrue
FNDA:8000,asserttrue
FNF:1
FNH:1
DA:14,8000
DA:16,8000
DA:19,6000
DA:23,2000
DA:24,2000
LF:5
LH:5
end_of_record
SF:/home/matt/OSU/362/assignment4/CS362-004-U2018/projects/brittma/dominion/randomtestcard1.c
FN:21,smithyCount
FN:31,checkSmithy
FN:65,addSmithy
FN:72,randTestSmithy
FN:112,main
FNDA:4000,smithyCount
FNDA:2000,checkSmithy
FNDA:2000,addSmithy
FNDA:1,randTestSmithy
FNDA:1,main
FNF:5
FNH:5
DA:21,4000
DA:23,4000
DA:24,1003300
DA:25,999300
DA:27,4000
DA:31,2000
DA:33,2000
DA:34,2000
DA:35,2000
DA:38,2000
DA:40,0
DA:44,2000
DA:46,2000
DA:50,2000
DA:52,0
DA:56,2000
DA:58,0
DA:62,2000
DA:65,2000
DA:67,2000
DA:68,2000
DA:69,2000
DA:72,1
DA:76,1
DA:83,2001
DA:86,2000
DA:89,52602000
DA:91,52600000
DA:95,2000
DA:96,2000
DA:97,2000
DA:98,2000
DA:99,2000
DA:100,2000
DA:101,2000
DA:103,2000
DA:109,1
DA:112,1
DA:114,1
DA:115,1
DA:117,1
DA:118,1
LF:42
LH:39
end_of_record
